<?xml version="1.0" encoding="UTF-8"?>
<coverage generated="1662531148627" clover="3.2.0">
  <project timestamp="1662531148627" name="All files">
    <metrics statements="335" coveredstatements="214" conditionals="85" coveredconditionals="41" methods="110" coveredmethods="62" elements="530" coveredelements="317" complexity="0" loc="335" ncloc="335" packages="16" files="37" classes="37"/>
    <package name="assets.img">
      <metrics statements="1" coveredstatements="1" conditionals="0" coveredconditionals="0" methods="0" coveredmethods="0"/>
      <file name="bg-2.jpeg" path="/home/dzikrurrohmani/Documents/ITDP/FRONT-END/react-native/react-native-fundamental/assets/img/bg-2.jpeg">
        <metrics statements="1" coveredstatements="1" conditionals="0" coveredconditionals="0" methods="0" coveredmethods="0"/>
        <line num="1" count="5" type="stmt"/>
      </file>
    </package>
    <package name="src.features.Home">
      <metrics statements="10" coveredstatements="3" conditionals="2" coveredconditionals="0" methods="4" coveredmethods="1"/>
      <file name="HomePage.js" path="/home/dzikrurrohmani/Documents/ITDP/FRONT-END/react-native/react-native-fundamental/src/features/Home/HomePage.js">
        <metrics statements="2" coveredstatements="2" conditionals="0" coveredconditionals="0" methods="1" coveredmethods="1"/>
        <line num="3" count="1" type="stmt"/>
        <line num="4" count="2" type="stmt"/>
      </file>
      <file name="Menu1.js" path="/home/dzikrurrohmani/Documents/ITDP/FRONT-END/react-native/react-native-fundamental/src/features/Home/Menu1.js">
        <metrics statements="8" coveredstatements="1" conditionals="2" coveredconditionals="0" methods="3" coveredmethods="0"/>
        <line num="7" count="1" type="stmt"/>
        <line num="8" count="0" type="stmt"/>
        <line num="9" count="0" type="stmt"/>
        <line num="11" count="0" type="stmt"/>
        <line num="12" count="0" type="cond" truecount="0" falsecount="2"/>
        <line num="13" count="0" type="stmt"/>
        <line num="16" count="0" type="stmt"/>
        <line num="19" count="0" type="stmt"/>
      </file>
    </package>
    <package name="src.features.Home.Main">
      <metrics statements="20" coveredstatements="15" conditionals="4" coveredconditionals="2" methods="9" coveredmethods="5"/>
      <file name="MainPage.js" path="/home/dzikrurrohmani/Documents/ITDP/FRONT-END/react-native/react-native-fundamental/src/features/Home/Main/MainPage.js">
        <metrics statements="20" coveredstatements="15" conditionals="4" coveredconditionals="2" methods="9" coveredmethods="5"/>
        <line num="18" count="1" type="stmt"/>
        <line num="19" count="2" type="stmt"/>
        <line num="20" count="2" type="stmt"/>
        <line num="21" count="2" type="stmt"/>
        <line num="22" count="2" type="stmt"/>
        <line num="23" count="2" type="stmt"/>
        <line num="25" count="2" type="stmt"/>
        <line num="26" count="2" type="stmt"/>
        <line num="27" count="2" type="cond" truecount="1" falsecount="1"/>
        <line num="28" count="0" type="stmt"/>
        <line num="32" count="2" type="stmt"/>
        <line num="33" count="1" type="stmt"/>
        <line num="34" count="1" type="stmt"/>
        <line num="37" count="2" type="stmt"/>
        <line num="41" count="0" type="cond" truecount="1" falsecount="1"/>
        <line num="48" count="0" type="stmt"/>
        <line num="54" count="0" type="stmt"/>
        <line num="60" count="0" type="stmt"/>
        <line num="81" count="1" type="stmt"/>
        <line num="91" count="2" type="stmt"/>
      </file>
    </package>
    <package name="src.features.Home.Main.components">
      <metrics statements="45" coveredstatements="44" conditionals="8" coveredconditionals="7" methods="11" coveredmethods="11"/>
      <file name="MenuItem.js" path="/home/dzikrurrohmani/Documents/ITDP/FRONT-END/react-native/react-native-fundamental/src/features/Home/Main/components/MenuItem.js">
        <metrics statements="9" coveredstatements="9" conditionals="2" coveredconditionals="2" methods="3" coveredmethods="3"/>
        <line num="5" count="1" type="stmt"/>
        <line num="6" count="24" type="stmt"/>
        <line num="7" count="24" type="stmt"/>
        <line num="8" count="24" type="stmt"/>
        <line num="9" count="24" type="cond" truecount="2" falsecount="0"/>
        <line num="10" count="22" type="stmt"/>
        <line num="19" count="2" type="stmt"/>
        <line num="24" count="24" type="stmt"/>
        <line num="30" count="24" type="stmt"/>
      </file>
      <file name="MenuView.js" path="/home/dzikrurrohmani/Documents/ITDP/FRONT-END/react-native/react-native-fundamental/src/features/Home/Main/components/MenuView.js">
        <metrics statements="18" coveredstatements="18" conditionals="2" coveredconditionals="2" methods="4" coveredmethods="4"/>
        <line num="5" count="1" type="stmt"/>
        <line num="6" count="2" type="stmt"/>
        <line num="20" count="2" type="stmt"/>
        <line num="21" count="24" type="stmt"/>
        <line num="23" count="2" type="stmt"/>
        <line num="24" count="2" type="stmt"/>
        <line num="25" count="2" type="stmt"/>
        <line num="26" count="22" type="stmt"/>
        <line num="27" count="22" type="stmt"/>
        <line num="28" count="22" type="stmt"/>
        <line num="29" count="22" type="stmt"/>
        <line num="32" count="22" type="cond" truecount="2" falsecount="0"/>
        <line num="33" count="2" type="stmt"/>
        <line num="36" count="22" type="stmt"/>
        <line num="41" count="24" type="stmt"/>
        <line num="45" count="22" type="stmt"/>
        <line num="47" count="2" type="stmt"/>
        <line num="49" count="2" type="stmt"/>
      </file>
      <file name="PromoItem.js" path="/home/dzikrurrohmani/Documents/ITDP/FRONT-END/react-native/react-native-fundamental/src/features/Home/Main/components/PromoItem.js">
        <metrics statements="5" coveredstatements="5" conditionals="0" coveredconditionals="0" methods="2" coveredmethods="2"/>
        <line num="5" count="1" type="stmt"/>
        <line num="6" count="20" type="stmt"/>
        <line num="7" count="20" type="stmt"/>
        <line num="8" count="20" type="stmt"/>
        <line num="20" count="20" type="stmt"/>
      </file>
      <file name="PromoView.js" path="/home/dzikrurrohmani/Documents/ITDP/FRONT-END/react-native/react-native-fundamental/src/features/Home/Main/components/PromoView.js">
        <metrics statements="13" coveredstatements="12" conditionals="4" coveredconditionals="3" methods="2" coveredmethods="2"/>
        <line num="4" count="1" type="stmt"/>
        <line num="5" count="2" type="stmt"/>
        <line num="17" count="2" type="stmt"/>
        <line num="18" count="2" type="stmt"/>
        <line num="19" count="2" type="stmt"/>
        <line num="20" count="10" type="stmt"/>
        <line num="21" count="10" type="stmt"/>
        <line num="22" count="10" type="cond" truecount="1" falsecount="1"/>
        <line num="23" count="0" type="stmt"/>
        <line num="25" count="10" type="stmt"/>
        <line num="29" count="10" type="stmt"/>
        <line num="31" count="2" type="stmt"/>
        <line num="33" count="2" type="stmt"/>
      </file>
    </package>
    <package name="src.features.Login">
      <metrics statements="24" coveredstatements="23" conditionals="10" coveredconditionals="9" methods="3" coveredmethods="3"/>
      <file name="LoginPage.js" path="/home/dzikrurrohmani/Documents/ITDP/FRONT-END/react-native/react-native-fundamental/src/features/Login/LoginPage.js">
        <metrics statements="4" coveredstatements="4" conditionals="4" coveredconditionals="4" methods="1" coveredmethods="1"/>
        <line num="19" count="3" type="stmt"/>
        <line num="27" count="10" type="stmt"/>
        <line num="29" count="10" type="stmt"/>
        <line num="61" count="3" type="stmt"/>
      </file>
      <file name="UseLoginPage.js" path="/home/dzikrurrohmani/Documents/ITDP/FRONT-END/react-native/react-native-fundamental/src/features/Login/UseLoginPage.js">
        <metrics statements="20" coveredstatements="19" conditionals="6" coveredconditionals="5" methods="2" coveredmethods="2"/>
        <line num="19" count="2" type="stmt"/>
        <line num="20" count="7" type="stmt"/>
        <line num="21" count="7" type="stmt"/>
        <line num="22" count="7" type="stmt"/>
        <line num="23" count="7" type="stmt"/>
        <line num="24" count="7" type="stmt"/>
        <line num="25" count="7" type="stmt"/>
        <line num="27" count="7" type="stmt"/>
        <line num="28" count="2" type="stmt"/>
        <line num="29" count="2" type="stmt"/>
        <line num="30" count="2" type="stmt"/>
        <line num="31" count="2" type="cond" truecount="4" falsecount="0"/>
        <line num="32" count="1" type="stmt"/>
        <line num="34" count="1" type="stmt"/>
        <line num="38" count="1" type="stmt"/>
        <line num="39" count="1" type="cond" truecount="1" falsecount="1"/>
        <line num="40" count="1" type="stmt"/>
        <line num="42" count="0" type="stmt"/>
        <line num="46" count="1" type="stmt"/>
        <line num="50" count="7" type="stmt"/>
      </file>
    </package>
    <package name="src.features.Pin">
      <metrics statements="41" coveredstatements="2" conditionals="6" coveredconditionals="0" methods="13" coveredmethods="0"/>
      <file name="PinPage.js" path="/home/dzikrurrohmani/Documents/ITDP/FRONT-END/react-native/react-native-fundamental/src/features/Pin/PinPage.js">
        <metrics statements="41" coveredstatements="2" conditionals="6" coveredconditionals="0" methods="13" coveredmethods="0"/>
        <line num="12" count="1" type="stmt"/>
        <line num="13" count="0" type="stmt"/>
        <line num="14" count="0" type="stmt"/>
        <line num="15" count="0" type="stmt"/>
        <line num="16" count="0" type="stmt"/>
        <line num="17" count="0" type="stmt"/>
        <line num="18" count="0" type="stmt"/>
        <line num="19" count="0" type="stmt"/>
        <line num="21" count="0" type="stmt"/>
        <line num="34" count="0" type="stmt"/>
        <line num="35" count="0" type="stmt"/>
        <line num="36" count="0" type="stmt"/>
        <line num="37" count="0" type="stmt"/>
        <line num="38" count="0" type="stmt"/>
        <line num="41" count="0" type="stmt"/>
        <line num="48" count="0" type="stmt"/>
        <line num="49" count="0" type="stmt"/>
        <line num="50" count="0" type="cond" truecount="0" falsecount="4"/>
        <line num="55" count="0" type="stmt"/>
        <line num="56" count="0" type="cond" truecount="0" falsecount="2"/>
        <line num="57" count="0" type="stmt"/>
        <line num="63" count="0" type="stmt"/>
        <line num="64" count="0" type="stmt"/>
        <line num="66" count="0" type="stmt"/>
        <line num="67" count="0" type="stmt"/>
        <line num="68" count="0" type="stmt"/>
        <line num="70" count="0" type="stmt"/>
        <line num="71" count="0" type="stmt"/>
        <line num="72" count="0" type="stmt"/>
        <line num="74" count="0" type="stmt"/>
        <line num="75" count="0" type="stmt"/>
        <line num="76" count="0" type="stmt"/>
        <line num="77" count="0" type="stmt"/>
        <line num="79" count="0" type="stmt"/>
        <line num="83" count="0" type="stmt"/>
        <line num="87" count="0" type="stmt"/>
        <line num="89" count="0" type="stmt"/>
        <line num="93" count="0" type="stmt"/>
        <line num="118" count="0" type="stmt"/>
        <line num="119" count="0" type="stmt"/>
        <line num="128" count="1" type="stmt"/>
      </file>
    </package>
    <package name="src.features.Pin.components">
      <metrics statements="31" coveredstatements="4" conditionals="10" coveredconditionals="0" methods="10" coveredmethods="0"/>
      <file name="NumItem.js" path="/home/dzikrurrohmani/Documents/ITDP/FRONT-END/react-native/react-native-fundamental/src/features/Pin/components/NumItem.js">
        <metrics statements="24" coveredstatements="3" conditionals="8" coveredconditionals="0" methods="8" coveredmethods="0"/>
        <line num="5" count="1" type="stmt"/>
        <line num="6" count="0" type="stmt"/>
        <line num="7" count="0" type="stmt"/>
        <line num="8" count="0" type="stmt"/>
        <line num="9" count="0" type="cond" truecount="0" falsecount="2"/>
        <line num="10" count="0" type="stmt"/>
        <line num="18" count="0" type="stmt"/>
        <line num="23" count="0" type="stmt"/>
        <line num="29" count="1" type="stmt"/>
        <line num="61" count="1" type="stmt"/>
        <line num="62" count="0" type="stmt"/>
        <line num="63" count="0" type="stmt"/>
        <line num="64" count="0" type="stmt"/>
        <line num="65" count="0" type="cond" truecount="0" falsecount="2"/>
        <line num="66" count="0" type="stmt"/>
        <line num="67" count="0" type="cond" truecount="0" falsecount="2"/>
        <line num="68" count="0" type="stmt"/>
        <line num="69" count="0" type="stmt"/>
        <line num="72" count="0" type="stmt"/>
        <line num="75" count="0" type="stmt"/>
        <line num="76" count="0" type="cond" truecount="0" falsecount="2"/>
        <line num="77" count="0" type="stmt"/>
        <line num="85" count="0" type="stmt"/>
        <line num="88" count="0" type="stmt"/>
      </file>
      <file name="PinInputIndicator.js" path="/home/dzikrurrohmani/Documents/ITDP/FRONT-END/react-native/react-native-fundamental/src/features/Pin/components/PinInputIndicator.js">
        <metrics statements="7" coveredstatements="1" conditionals="2" coveredconditionals="0" methods="2" coveredmethods="0"/>
        <line num="5" count="1" type="stmt"/>
        <line num="6" count="0" type="stmt"/>
        <line num="7" count="0" type="stmt"/>
        <line num="8" count="0" type="stmt"/>
        <line num="9" count="0" type="stmt"/>
        <line num="18" count="0" type="stmt"/>
        <line num="20" count="0" type="stmt"/>
      </file>
    </package>
    <package name="src.features.Welcome">
      <metrics statements="5" coveredstatements="4" conditionals="0" coveredconditionals="0" methods="2" coveredmethods="1"/>
      <file name="WelcomePage.js" path="/home/dzikrurrohmani/Documents/ITDP/FRONT-END/react-native/react-native-fundamental/src/features/Welcome/WelcomePage.js">
        <metrics statements="5" coveredstatements="4" conditionals="0" coveredconditionals="0" methods="2" coveredmethods="1"/>
        <line num="17" count="2" type="stmt"/>
        <line num="18" count="3" type="stmt"/>
        <line num="19" count="3" type="stmt"/>
        <line num="39" count="0" type="stmt"/>
        <line num="47" count="2" type="stmt"/>
      </file>
    </package>
    <package name="src.features.product">
      <metrics statements="46" coveredstatements="12" conditionals="10" coveredconditionals="0" methods="15" coveredmethods="4"/>
      <file name="ProductList.js" path="/home/dzikrurrohmani/Documents/ITDP/FRONT-END/react-native/react-native-fundamental/src/features/product/ProductList.js">
        <metrics statements="16" coveredstatements="11" conditionals="4" coveredconditionals="0" methods="7" coveredmethods="4"/>
        <line num="9" count="2" type="stmt"/>
        <line num="10" count="1" type="stmt"/>
        <line num="11" count="1" type="stmt"/>
        <line num="14" count="1" type="stmt"/>
        <line num="16" count="1" type="stmt"/>
        <line num="17" count="2" type="stmt"/>
        <line num="21" count="0" type="stmt"/>
        <line num="23" count="0" type="stmt"/>
        <line num="28" count="1" type="stmt"/>
        <line num="29" count="4" type="stmt"/>
        <line num="32" count="1" type="stmt"/>
        <line num="33" count="0" type="cond" truecount="0" falsecount="4"/>
        <line num="34" count="0" type="stmt"/>
        <line num="36" count="0" type="stmt"/>
        <line num="38" count="1" type="stmt"/>
        <line num="49" count="2" type="stmt"/>
      </file>
      <file name="UseProductList.js" path="/home/dzikrurrohmani/Documents/ITDP/FRONT-END/react-native/react-native-fundamental/src/features/product/UseProductList.js">
        <metrics statements="30" coveredstatements="1" conditionals="6" coveredconditionals="0" methods="8" coveredmethods="0"/>
        <line num="5" count="1" type="stmt"/>
        <line num="6" count="0" type="stmt"/>
        <line num="7" count="0" type="stmt"/>
        <line num="8" count="0" type="stmt"/>
        <line num="9" count="0" type="stmt"/>
        <line num="11" count="0" type="stmt"/>
        <line num="12" count="0" type="stmt"/>
        <line num="15" count="0" type="stmt"/>
        <line num="16" count="0" type="stmt"/>
        <line num="17" count="0" type="stmt"/>
        <line num="18" count="0" type="stmt"/>
        <line num="19" count="0" type="cond" truecount="0" falsecount="2"/>
        <line num="20" count="0" type="stmt"/>
        <line num="22" count="0" type="stmt"/>
        <line num="23" count="0" type="stmt"/>
        <line num="25" count="0" type="stmt"/>
        <line num="27" count="0" type="stmt"/>
        <line num="28" count="0" type="stmt"/>
        <line num="31" count="0" type="stmt"/>
        <line num="32" count="0" type="cond" truecount="0" falsecount="2"/>
        <line num="33" count="0" type="stmt"/>
        <line num="35" count="0" type="stmt"/>
        <line num="39" count="0" type="stmt"/>
        <line num="40" count="0" type="cond" truecount="0" falsecount="2"/>
        <line num="41" count="0" type="stmt"/>
        <line num="43" count="0" type="stmt"/>
        <line num="47" count="0" type="stmt"/>
        <line num="48" count="0" type="stmt"/>
        <line num="49" count="0" type="stmt"/>
        <line num="52" count="0" type="stmt"/>
      </file>
    </package>
    <package name="src.features.product.components">
      <metrics statements="9" coveredstatements="9" conditionals="0" coveredconditionals="0" methods="4" coveredmethods="4"/>
      <file name="ProductItem.js" path="/home/dzikrurrohmani/Documents/ITDP/FRONT-END/react-native/react-native-fundamental/src/features/product/components/ProductItem.js">
        <metrics statements="9" coveredstatements="9" conditionals="0" coveredconditionals="0" methods="4" coveredmethods="4"/>
        <line num="7" count="2" type="stmt"/>
        <line num="8" count="2" type="stmt"/>
        <line num="9" count="2" type="stmt"/>
        <line num="10" count="2" type="stmt"/>
        <line num="11" count="2" type="stmt"/>
        <line num="15" count="2" type="stmt"/>
        <line num="23" count="2" type="stmt"/>
        <line num="27" count="4" type="stmt"/>
        <line num="35" count="2" type="stmt"/>
      </file>
    </package>
    <package name="src.navigation">
      <metrics statements="24" coveredstatements="23" conditionals="7" coveredconditionals="7" methods="7" coveredmethods="6"/>
      <file name="AppRouter.js" path="/home/dzikrurrohmani/Documents/ITDP/FRONT-END/react-native/react-native-fundamental/src/navigation/AppRouter.js">
        <metrics statements="16" coveredstatements="15" conditionals="5" coveredconditionals="5" methods="4" coveredmethods="3"/>
        <line num="15" count="1" type="stmt"/>
        <line num="17" count="1" type="cond" truecount="1" falsecount="0"/>
        <line num="18" count="8" type="stmt"/>
        <line num="19" count="8" type="stmt"/>
        <line num="20" count="8" type="stmt"/>
        <line num="21" count="4" type="stmt"/>
        <line num="22" count="4" type="stmt"/>
        <line num="23" count="4" type="stmt"/>
        <line num="24" count="2" type="cond" truecount="2" falsecount="0"/>
        <line num="25" count="1" type="stmt"/>
        <line num="27" count="1" type="stmt"/>
        <line num="30" count="2" type="stmt"/>
        <line num="33" count="4" type="stmt"/>
        <line num="35" count="8" type="stmt"/>
        <line num="36" count="8" type="cond" truecount="2" falsecount="0"/>
        <line num="41" count="0" type="stmt"/>
      </file>
      <file name="HomeRouter.js" path="/home/dzikrurrohmani/Documents/ITDP/FRONT-END/react-native/react-native-fundamental/src/navigation/HomeRouter.js">
        <metrics statements="8" coveredstatements="8" conditionals="2" coveredconditionals="2" methods="3" coveredmethods="3"/>
        <line num="8" count="1" type="stmt"/>
        <line num="9" count="1" type="stmt"/>
        <line num="10" count="2" type="stmt"/>
        <line num="11" count="2" type="stmt"/>
        <line num="12" count="4" type="stmt"/>
        <line num="14" count="8" type="cond" truecount="2" falsecount="0"/>
        <line num="16" count="4" type="stmt"/>
        <line num="18" count="4" type="stmt"/>
      </file>
    </package>
    <package name="src.shared">
      <metrics statements="2" coveredstatements="2" conditionals="0" coveredconditionals="0" methods="0" coveredmethods="0"/>
      <file name="Theme.js" path="/home/dzikrurrohmani/Documents/ITDP/FRONT-END/react-native/react-native-fundamental/src/shared/Theme.js">
        <metrics statements="2" coveredstatements="2" conditionals="0" coveredconditionals="0" methods="0" coveredmethods="0"/>
        <line num="1" count="5" type="stmt"/>
        <line num="8" count="5" type="stmt"/>
      </file>
    </package>
    <package name="src.shared.components">
      <metrics statements="50" coveredstatements="48" conditionals="15" coveredconditionals="9" methods="19" coveredmethods="17"/>
      <file name="AppBackground.js" path="/home/dzikrurrohmani/Documents/ITDP/FRONT-END/react-native/react-native-fundamental/src/shared/components/AppBackground.js">
        <metrics statements="4" coveredstatements="4" conditionals="0" coveredconditionals="0" methods="1" coveredmethods="1"/>
        <line num="5" count="3" type="stmt"/>
        <line num="6" count="6" type="stmt"/>
        <line num="8" count="6" type="stmt"/>
        <line num="15" count="3" type="stmt"/>
      </file>
      <file name="Avatar.js" path="/home/dzikrurrohmani/Documents/ITDP/FRONT-END/react-native/react-native-fundamental/src/shared/components/Avatar.js">
        <metrics statements="5" coveredstatements="5" conditionals="1" coveredconditionals="0" methods="2" coveredmethods="2"/>
        <line num="5" count="2" type="cond" truecount="0" falsecount="1"/>
        <line num="6" count="2" type="stmt"/>
        <line num="7" count="2" type="stmt"/>
        <line num="8" count="2" type="stmt"/>
        <line num="13" count="2" type="stmt"/>
      </file>
      <file name="FormButton.js" path="/home/dzikrurrohmani/Documents/ITDP/FRONT-END/react-native/react-native-fundamental/src/shared/components/FormButton.js">
        <metrics statements="5" coveredstatements="5" conditionals="0" coveredconditionals="0" methods="2" coveredmethods="2"/>
        <line num="4" count="4" type="stmt"/>
        <line num="5" count="15" type="stmt"/>
        <line num="6" count="15" type="stmt"/>
        <line num="7" count="15" type="stmt"/>
        <line num="14" count="15" type="stmt"/>
      </file>
      <file name="FormInput.js" path="/home/dzikrurrohmani/Documents/ITDP/FRONT-END/react-native/react-native-fundamental/src/shared/components/FormInput.js">
        <metrics statements="5" coveredstatements="5" conditionals="2" coveredconditionals="1" methods="2" coveredmethods="2"/>
        <line num="4" count="3" type="cond" truecount="1" falsecount="1"/>
        <line num="5" count="10" type="stmt"/>
        <line num="6" count="10" type="stmt"/>
        <line num="7" count="10" type="stmt"/>
        <line num="17" count="10" type="stmt"/>
      </file>
      <file name="FormPassword.js" path="/home/dzikrurrohmani/Documents/ITDP/FRONT-END/react-native/react-native-fundamental/src/shared/components/FormPassword.js">
        <metrics statements="7" coveredstatements="6" conditionals="3" coveredconditionals="1" methods="3" coveredmethods="2"/>
        <line num="6" count="3" type="cond" truecount="0" falsecount="1"/>
        <line num="7" count="10" type="stmt"/>
        <line num="8" count="10" type="stmt"/>
        <line num="9" count="10" type="stmt"/>
        <line num="11" count="10" type="stmt"/>
        <line num="19" count="0" type="stmt"/>
        <line num="26" count="10" type="stmt"/>
      </file>
      <file name="HeaderPageLabel.js" path="/home/dzikrurrohmani/Documents/ITDP/FRONT-END/react-native/react-native-fundamental/src/shared/components/HeaderPageLabel.js">
        <metrics statements="5" coveredstatements="5" conditionals="4" coveredconditionals="3" methods="2" coveredmethods="2"/>
        <line num="5" count="2" type="cond" truecount="1" falsecount="1"/>
        <line num="6" count="11" type="stmt"/>
        <line num="7" count="11" type="stmt"/>
        <line num="8" count="11" type="stmt"/>
        <line num="16" count="11" type="stmt"/>
      </file>
      <file name="MainContainer.js" path="/home/dzikrurrohmani/Documents/ITDP/FRONT-END/react-native/react-native-fundamental/src/shared/components/MainContainer.js">
        <metrics statements="3" coveredstatements="3" conditionals="1" coveredconditionals="1" methods="1" coveredmethods="1"/>
        <line num="5" count="5" type="cond" truecount="1" falsecount="0"/>
        <line num="6" count="16" type="stmt"/>
        <line num="17" count="5" type="stmt"/>
      </file>
      <file name="ModalDialog.js" path="/home/dzikrurrohmani/Documents/ITDP/FRONT-END/react-native/react-native-fundamental/src/shared/components/ModalDialog.js">
        <metrics statements="3" coveredstatements="2" conditionals="0" coveredconditionals="0" methods="1" coveredmethods="0"/>
        <line num="4" count="1" type="stmt"/>
        <line num="5" count="0" type="stmt"/>
        <line num="23" count="1" type="stmt"/>
      </file>
      <file name="SnackBar.js" path="/home/dzikrurrohmani/Documents/ITDP/FRONT-END/react-native/react-native-fundamental/src/shared/components/SnackBar.js">
        <metrics statements="5" coveredstatements="5" conditionals="0" coveredconditionals="0" methods="2" coveredmethods="2"/>
        <line num="4" count="3" type="stmt"/>
        <line num="5" count="2" type="stmt"/>
        <line num="6" count="2" type="stmt"/>
        <line num="7" count="2" type="stmt"/>
        <line num="14" count="3" type="stmt"/>
      </file>
      <file name="Spinner.js" path="/home/dzikrurrohmani/Documents/ITDP/FRONT-END/react-native/react-native-fundamental/src/shared/components/Spinner.js">
        <metrics statements="5" coveredstatements="5" conditionals="1" coveredconditionals="0" methods="2" coveredmethods="2"/>
        <line num="5" count="3" type="cond" truecount="0" falsecount="1"/>
        <line num="6" count="2" type="stmt"/>
        <line num="7" count="2" type="stmt"/>
        <line num="8" count="2" type="stmt"/>
        <line num="20" count="3" type="stmt"/>
      </file>
      <file name="TitleLabel.js" path="/home/dzikrurrohmani/Documents/ITDP/FRONT-END/react-native/react-native-fundamental/src/shared/components/TitleLabel.js">
        <metrics statements="3" coveredstatements="3" conditionals="3" coveredconditionals="3" methods="1" coveredmethods="1"/>
        <line num="5" count="2" type="cond" truecount="1" falsecount="0"/>
        <line num="6" count="6" type="stmt"/>
        <line num="7" count="6" type="stmt"/>
      </file>
    </package>
    <package name="src.shared.context">
      <metrics statements="7" coveredstatements="6" conditionals="0" coveredconditionals="0" methods="3" coveredmethods="2"/>
      <file name="DependencyContext.js" path="/home/dzikrurrohmani/Documents/ITDP/FRONT-END/react-native/react-native-fundamental/src/shared/context/DependencyContext.js">
        <metrics statements="2" coveredstatements="1" conditionals="0" coveredconditionals="0" methods="1" coveredmethods="0"/>
        <line num="3" count="2" type="stmt"/>
        <line num="5" count="0" type="stmt"/>
      </file>
      <file name="ThemeContext.js" path="/home/dzikrurrohmani/Documents/ITDP/FRONT-END/react-native/react-native-fundamental/src/shared/context/ThemeContext.js">
        <metrics statements="5" coveredstatements="5" conditionals="0" coveredconditionals="0" methods="2" coveredmethods="2"/>
        <line num="4" count="5" type="stmt"/>
        <line num="5" count="5" type="stmt"/>
        <line num="6" count="11" type="stmt"/>
        <line num="13" count="5" type="stmt"/>
        <line num="14" count="115" type="stmt"/>
      </file>
    </package>
    <package name="src.shared.hook">
      <metrics statements="16" coveredstatements="14" conditionals="12" coveredconditionals="6" methods="8" coveredmethods="6"/>
      <file name="UseDependency.js" path="/home/dzikrurrohmani/Documents/ITDP/FRONT-END/react-native/react-native-fundamental/src/shared/hook/UseDependency.js">
        <metrics statements="1" coveredstatements="1" conditionals="0" coveredconditionals="0" methods="1" coveredmethods="1"/>
        <line num="5" count="7" type="stmt"/>
      </file>
      <file name="UseViewState.js" path="/home/dzikrurrohmani/Documents/ITDP/FRONT-END/react-native/react-native-fundamental/src/shared/hook/UseViewState.js">
        <metrics statements="12" coveredstatements="10" conditionals="12" coveredconditionals="6" methods="7" coveredmethods="5"/>
        <line num="3" count="2" type="stmt"/>
        <line num="4" count="7" type="stmt"/>
        <line num="6" count="7" type="cond" truecount="2" falsecount="0"/>
        <line num="7" count="2" type="stmt"/>
        <line num="8" count="2" type="cond" truecount="2" falsecount="2"/>
        <line num="12" count="7" type="cond" truecount="0" falsecount="1"/>
        <line num="13" count="0" type="stmt"/>
        <line num="14" count="0" type="cond" truecount="0" falsecount="2"/>
        <line num="18" count="7" type="cond" truecount="1" falsecount="0"/>
        <line num="19" count="1" type="stmt"/>
        <line num="20" count="1" type="cond" truecount="1" falsecount="1"/>
        <line num="24" count="7" type="stmt"/>
      </file>
      <file name="constant.js" path="/home/dzikrurrohmani/Documents/ITDP/FRONT-END/react-native/react-native-fundamental/src/shared/hook/constant.js">
        <metrics statements="3" coveredstatements="3" conditionals="0" coveredconditionals="0" methods="0" coveredmethods="0"/>
        <line num="1" count="3" type="stmt"/>
        <line num="10" count="3" type="stmt"/>
        <line num="16" count="3" type="stmt"/>
      </file>
    </package>
    <package name="src.testHelper">
      <metrics statements="4" coveredstatements="4" conditionals="1" coveredconditionals="1" methods="2" coveredmethods="2"/>
      <file name="CustomRender.js" path="/home/dzikrurrohmani/Documents/ITDP/FRONT-END/react-native/react-native-fundamental/src/testHelper/CustomRender.js">
        <metrics statements="4" coveredstatements="4" conditionals="1" coveredconditionals="1" methods="2" coveredmethods="2"/>
        <line num="5" count="5" type="cond" truecount="1" falsecount="0"/>
        <line num="6" count="11" type="stmt"/>
        <line num="7" count="11" type="stmt"/>
        <line num="13" count="11" type="stmt"/>
      </file>
    </package>
  </project>
</coverage>
