{"/home/dzikrurrohmani/Documents/ITDP/FRONT-END/react-native/react-native-fundamental/assets/img/bg-2.jpeg": {"path":"/home/dzikrurrohmani/Documents/ITDP/FRONT-END/react-native/react-native-fundamental/assets/img/bg-2.jpeg","statementMap":{"0":{"start":{"line":1,"column":0},"end":{"line":1,"column":19}}},"fnMap":{},"branchMap":{},"s":{"0":5},"f":{},"b":{},"_coverageSchema":"1a1c01bbd47fc00a2c39e90264f33305004495a9","hash":"4740e1b5fae3610b0aff04e1e3836ea658b858b6"}
,"/home/dzikrurrohmani/Documents/ITDP/FRONT-END/react-native/react-native-fundamental/src/features/Home/HomePage.js": {"path":"/home/dzikrurrohmani/Documents/ITDP/FRONT-END/react-native/react-native-fundamental/src/features/Home/HomePage.js","statementMap":{"0":{"start":{"line":3,"column":17},"end":{"line":5,"column":1}},"1":{"start":{"line":4,"column":4},"end":{"line":4,"column":24}}},"fnMap":{"0":{"name":"(anonymous_0)","decl":{"start":{"line":3,"column":17},"end":{"line":3,"column":18}},"loc":{"start":{"line":3,"column":23},"end":{"line":5,"column":1}},"line":3}},"branchMap":{},"s":{"0":1,"1":2},"f":{"0":2},"b":{},"_coverageSchema":"1a1c01bbd47fc00a2c39e90264f33305004495a9","hash":"ce54506413d654f3d9482a0d20871fc30b86d1a3"}
,"/home/dzikrurrohmani/Documents/ITDP/FRONT-END/react-native/react-native-fundamental/src/features/Home/Menu1.js": {"path":"/home/dzikrurrohmani/Documents/ITDP/FRONT-END/react-native/react-native-fundamental/src/features/Home/Menu1.js","statementMap":{"0":{"start":{"line":7,"column":14},"end":{"line":28,"column":1}},"1":{"start":{"line":8,"column":23},"end":{"line":8,"column":38}},"2":{"start":{"line":9,"column":18},"end":{"line":9,"column":28}},"3":{"start":{"line":11,"column":4},"end":{"line":15,"column":23}},"4":{"start":{"line":12,"column":8},"end":{"line":14,"column":9}},"5":{"start":{"line":13,"column":12},"end":{"line":13,"column":55}},"6":{"start":{"line":16,"column":4},"end":{"line":27,"column":5}},"7":{"start":{"line":19,"column":16},"end":{"line":22,"column":18}}},"fnMap":{"0":{"name":"(anonymous_0)","decl":{"start":{"line":7,"column":14},"end":{"line":7,"column":15}},"loc":{"start":{"line":7,"column":20},"end":{"line":28,"column":1}},"line":7},"1":{"name":"(anonymous_1)","decl":{"start":{"line":11,"column":14},"end":{"line":11,"column":15}},"loc":{"start":{"line":11,"column":18},"end":{"line":15,"column":5}},"line":11},"2":{"name":"(anonymous_2)","decl":{"start":{"line":18,"column":39},"end":{"line":18,"column":40}},"loc":{"start":{"line":18,"column":43},"end":{"line":23,"column":13}},"line":18}},"branchMap":{"0":{"loc":{"start":{"line":12,"column":8},"end":{"line":14,"column":9}},"type":"if","locations":[{"start":{"line":12,"column":8},"end":{"line":14,"column":9}},{"start":{},"end":{}}],"line":12}},"s":{"0":1,"1":0,"2":0,"3":0,"4":0,"5":0,"6":0,"7":0},"f":{"0":0,"1":0,"2":0},"b":{"0":[0,0]},"_coverageSchema":"1a1c01bbd47fc00a2c39e90264f33305004495a9","hash":"503db7698b93a6d02421bb8c11c4664b8689d5f2"}
,"/home/dzikrurrohmani/Documents/ITDP/FRONT-END/react-native/react-native-fundamental/src/features/Home/Main/MainPage.js": {"path":"/home/dzikrurrohmani/Documents/ITDP/FRONT-END/react-native/react-native-fundamental/src/features/Home/Main/MainPage.js","statementMap":{"0":{"start":{"line":18,"column":17},"end":{"line":89,"column":1}},"1":{"start":{"line":19,"column":18},"end":{"line":19,"column":28}},"2":{"start":{"line":20,"column":19},"end":{"line":20,"column":33}},"3":{"start":{"line":21,"column":23},"end":{"line":21,"column":38}},"4":{"start":{"line":22,"column":44},"end":{"line":22,"column":59}},"5":{"start":{"line":23,"column":23},"end":{"line":23,"column":32}},"6":{"start":{"line":25,"column":18},"end":{"line":25,"column":28}},"7":{"start":{"line":26,"column":4},"end":{"line":30,"column":23}},"8":{"start":{"line":27,"column":8},"end":{"line":29,"column":9}},"9":{"start":{"line":28,"column":12},"end":{"line":28,"column":57}},"10":{"start":{"line":32,"column":26},"end":{"line":35,"column":5}},"11":{"start":{"line":33,"column":8},"end":{"line":33,"column":25}},"12":{"start":{"line":34,"column":8},"end":{"line":34,"column":34}},"13":{"start":{"line":37,"column":4},"end":{"line":88,"column":5}},"14":{"start":{"line":41,"column":59},"end":{"line":41,"column":81}},"15":{"start":{"line":48,"column":88},"end":{"line":48,"column":109}},"16":{"start":{"line":54,"column":88},"end":{"line":54,"column":116}},"17":{"start":{"line":60,"column":88},"end":{"line":64,"column":34}},"18":{"start":{"line":81,"column":32},"end":{"line":81,"column":58}},"19":{"start":{"line":91,"column":16},"end":{"line":112,"column":2}},"20":{"start":{"line":91,"column":27},"end":{"line":112,"column":2}}},"fnMap":{"0":{"name":"(anonymous_0)","decl":{"start":{"line":18,"column":17},"end":{"line":18,"column":18}},"loc":{"start":{"line":18,"column":23},"end":{"line":89,"column":1}},"line":18},"1":{"name":"(anonymous_1)","decl":{"start":{"line":26,"column":14},"end":{"line":26,"column":15}},"loc":{"start":{"line":26,"column":18},"end":{"line":30,"column":5}},"line":26},"2":{"name":"(anonymous_2)","decl":{"start":{"line":32,"column":26},"end":{"line":32,"column":27}},"loc":{"start":{"line":32,"column":43},"end":{"line":35,"column":5}},"line":32},"3":{"name":"(anonymous_3)","decl":{"start":{"line":41,"column":55},"end":{"line":41,"column":56}},"loc":{"start":{"line":41,"column":59},"end":{"line":41,"column":81}},"line":41},"4":{"name":"(anonymous_4)","decl":{"start":{"line":48,"column":84},"end":{"line":48,"column":85}},"loc":{"start":{"line":48,"column":88},"end":{"line":48,"column":109}},"line":48},"5":{"name":"(anonymous_5)","decl":{"start":{"line":54,"column":84},"end":{"line":54,"column":85}},"loc":{"start":{"line":54,"column":88},"end":{"line":54,"column":116}},"line":54},"6":{"name":"(anonymous_6)","decl":{"start":{"line":60,"column":84},"end":{"line":60,"column":85}},"loc":{"start":{"line":60,"column":88},"end":{"line":64,"column":34}},"line":60},"7":{"name":"(anonymous_7)","decl":{"start":{"line":80,"column":66},"end":{"line":80,"column":67}},"loc":{"start":{"line":80,"column":72},"end":{"line":82,"column":33}},"line":80},"8":{"name":"(anonymous_8)","decl":{"start":{"line":91,"column":16},"end":{"line":91,"column":17}},"loc":{"start":{"line":91,"column":27},"end":{"line":112,"column":2}},"line":91}},"branchMap":{"0":{"loc":{"start":{"line":27,"column":8},"end":{"line":29,"column":9}},"type":"if","locations":[{"start":{"line":27,"column":8},"end":{"line":29,"column":9}},{"start":{},"end":{}}],"line":27},"1":{"loc":{"start":{"line":41,"column":17},"end":{"line":41,"column":84}},"type":"binary-expr","locations":[{"start":{"line":41,"column":17},"end":{"line":41,"column":29}},{"start":{"line":41,"column":33},"end":{"line":41,"column":84}}],"line":41}},"s":{"0":1,"1":2,"2":2,"3":2,"4":2,"5":2,"6":2,"7":2,"8":2,"9":0,"10":2,"11":1,"12":1,"13":2,"14":0,"15":0,"16":0,"17":0,"18":1,"19":1,"20":2},"f":{"0":2,"1":2,"2":1,"3":0,"4":0,"5":0,"6":0,"7":1,"8":2},"b":{"0":[0,2],"1":[2,0]},"_coverageSchema":"1a1c01bbd47fc00a2c39e90264f33305004495a9","hash":"f001baf0de6f0449e5a947a8e3498e647dd4fa0c"}
,"/home/dzikrurrohmani/Documents/ITDP/FRONT-END/react-native/react-native-fundamental/src/features/Home/Main/components/MenuItem.js": {"path":"/home/dzikrurrohmani/Documents/ITDP/FRONT-END/react-native/react-native-fundamental/src/features/Home/Main/components/MenuItem.js","statementMap":{"0":{"start":{"line":5,"column":17},"end":{"line":29,"column":1}},"1":{"start":{"line":6,"column":18},"end":{"line":6,"column":28}},"2":{"start":{"line":7,"column":19},"end":{"line":7,"column":33}},"3":{"start":{"line":8,"column":27},"end":{"line":23,"column":5}},"4":{"start":{"line":9,"column":8},"end":{"line":22,"column":9}},"5":{"start":{"line":10,"column":12},"end":{"line":17,"column":13}},"6":{"start":{"line":19,"column":12},"end":{"line":21,"column":13}},"7":{"start":{"line":24,"column":4},"end":{"line":28,"column":5}},"8":{"start":{"line":30,"column":16},"end":{"line":47,"column":2}},"9":{"start":{"line":30,"column":27},"end":{"line":47,"column":2}}},"fnMap":{"0":{"name":"(anonymous_0)","decl":{"start":{"line":5,"column":17},"end":{"line":5,"column":18}},"loc":{"start":{"line":5,"column":32},"end":{"line":29,"column":1}},"line":5},"1":{"name":"(anonymous_1)","decl":{"start":{"line":8,"column":27},"end":{"line":8,"column":28}},"loc":{"start":{"line":8,"column":33},"end":{"line":23,"column":5}},"line":8},"2":{"name":"(anonymous_2)","decl":{"start":{"line":30,"column":16},"end":{"line":30,"column":17}},"loc":{"start":{"line":30,"column":27},"end":{"line":47,"column":2}},"line":30}},"branchMap":{"0":{"loc":{"start":{"line":9,"column":8},"end":{"line":22,"column":9}},"type":"if","locations":[{"start":{"line":9,"column":8},"end":{"line":22,"column":9}},{"start":{"line":18,"column":15},"end":{"line":22,"column":9}}],"line":9}},"s":{"0":1,"1":24,"2":24,"3":24,"4":24,"5":22,"6":2,"7":24,"8":1,"9":24},"f":{"0":24,"1":24,"2":24},"b":{"0":[22,2]},"_coverageSchema":"1a1c01bbd47fc00a2c39e90264f33305004495a9","hash":"33d0a9eeda45db0b4af249b8e6484337fea6c2ed"}
,"/home/dzikrurrohmani/Documents/ITDP/FRONT-END/react-native/react-native-fundamental/src/features/Home/Main/components/MenuView.js": {"path":"/home/dzikrurrohmani/Documents/ITDP/FRONT-END/react-native/react-native-fundamental/src/features/Home/Main/components/MenuView.js","statementMap":{"0":{"start":{"line":5,"column":17},"end":{"line":59,"column":1}},"1":{"start":{"line":6,"column":18},"end":{"line":19,"column":5}},"2":{"start":{"line":20,"column":23},"end":{"line":22,"column":5}},"3":{"start":{"line":21,"column":8},"end":{"line":21,"column":41}},"4":{"start":{"line":23,"column":28},"end":{"line":48,"column":5}},"5":{"start":{"line":24,"column":26},"end":{"line":24,"column":28}},"6":{"start":{"line":25,"column":8},"end":{"line":46,"column":9}},"7":{"start":{"line":25,"column":21},"end":{"line":25,"column":22}},"8":{"start":{"line":26,"column":32},"end":{"line":26,"column":37}},"9":{"start":{"line":27,"column":30},"end":{"line":27,"column":39}},"10":{"start":{"line":28,"column":29},"end":{"line":28,"column":62}},"11":{"start":{"line":29,"column":31},"end":{"line":31,"column":13}},"12":{"start":{"line":32,"column":12},"end":{"line":34,"column":13}},"13":{"start":{"line":33,"column":16},"end":{"line":33,"column":49}},"14":{"start":{"line":36,"column":16},"end":{"line":43,"column":18}},"15":{"start":{"line":41,"column":40},"end":{"line":41,"column":47}},"16":{"start":{"line":45,"column":12},"end":{"line":45,"column":29}},"17":{"start":{"line":47,"column":8},"end":{"line":47,"column":25}},"18":{"start":{"line":49,"column":4},"end":{"line":58,"column":5}}},"fnMap":{"0":{"name":"(anonymous_0)","decl":{"start":{"line":5,"column":17},"end":{"line":5,"column":18}},"loc":{"start":{"line":5,"column":23},"end":{"line":59,"column":1}},"line":5},"1":{"name":"(anonymous_1)","decl":{"start":{"line":20,"column":23},"end":{"line":20,"column":24}},"loc":{"start":{"line":20,"column":35},"end":{"line":22,"column":5}},"line":20},"2":{"name":"(anonymous_2)","decl":{"start":{"line":23,"column":28},"end":{"line":23,"column":29}},"loc":{"start":{"line":23,"column":34},"end":{"line":48,"column":5}},"line":23},"3":{"name":"(anonymous_3)","decl":{"start":{"line":41,"column":34},"end":{"line":41,"column":35}},"loc":{"start":{"line":41,"column":40},"end":{"line":41,"column":47}},"line":41}},"branchMap":{"0":{"loc":{"start":{"line":32,"column":12},"end":{"line":34,"column":13}},"type":"if","locations":[{"start":{"line":32,"column":12},"end":{"line":34,"column":13}},{"start":{},"end":{}}],"line":32}},"s":{"0":1,"1":2,"2":2,"3":24,"4":2,"5":2,"6":2,"7":2,"8":22,"9":22,"10":22,"11":22,"12":22,"13":2,"14":22,"15":24,"16":22,"17":2,"18":2},"f":{"0":2,"1":24,"2":2,"3":24},"b":{"0":[2,20]},"_coverageSchema":"1a1c01bbd47fc00a2c39e90264f33305004495a9","hash":"1818ec1db20e72242de2df2e867ab77dbe6de75b"}
,"/home/dzikrurrohmani/Documents/ITDP/FRONT-END/react-native/react-native-fundamental/src/features/Home/Main/components/PromoItem.js": {"path":"/home/dzikrurrohmani/Documents/ITDP/FRONT-END/react-native/react-native-fundamental/src/features/Home/Main/components/PromoItem.js","statementMap":{"0":{"start":{"line":5,"column":18},"end":{"line":18,"column":1}},"1":{"start":{"line":6,"column":18},"end":{"line":6,"column":28}},"2":{"start":{"line":7,"column":19},"end":{"line":7,"column":33}},"3":{"start":{"line":8,"column":4},"end":{"line":17,"column":5}},"4":{"start":{"line":20,"column":16},"end":{"line":45,"column":2}},"5":{"start":{"line":20,"column":27},"end":{"line":45,"column":2}}},"fnMap":{"0":{"name":"(anonymous_0)","decl":{"start":{"line":5,"column":18},"end":{"line":5,"column":19}},"loc":{"start":{"line":5,"column":31},"end":{"line":18,"column":1}},"line":5},"1":{"name":"(anonymous_1)","decl":{"start":{"line":20,"column":16},"end":{"line":20,"column":17}},"loc":{"start":{"line":20,"column":27},"end":{"line":45,"column":2}},"line":20}},"branchMap":{},"s":{"0":1,"1":20,"2":20,"3":20,"4":1,"5":20},"f":{"0":20,"1":20},"b":{},"_coverageSchema":"1a1c01bbd47fc00a2c39e90264f33305004495a9","hash":"1afd4a446d6d91a21a0d2c14fbfcafa867f045d3"}
,"/home/dzikrurrohmani/Documents/ITDP/FRONT-END/react-native/react-native-fundamental/src/features/Home/Main/components/PromoView.js": {"path":"/home/dzikrurrohmani/Documents/ITDP/FRONT-END/react-native/react-native-fundamental/src/features/Home/Main/components/PromoView.js","statementMap":{"0":{"start":{"line":4,"column":18},"end":{"line":38,"column":1}},"1":{"start":{"line":5,"column":19},"end":{"line":16,"column":5}},"2":{"start":{"line":17,"column":28},"end":{"line":32,"column":5}},"3":{"start":{"line":18,"column":27},"end":{"line":18,"column":29}},"4":{"start":{"line":19,"column":8},"end":{"line":30,"column":9}},"5":{"start":{"line":19,"column":21},"end":{"line":19,"column":22}},"6":{"start":{"line":20,"column":28},"end":{"line":20,"column":33}},"7":{"start":{"line":21,"column":28},"end":{"line":21,"column":39}},"8":{"start":{"line":22,"column":12},"end":{"line":24,"column":13}},"9":{"start":{"line":23,"column":16},"end":{"line":23,"column":32}},"10":{"start":{"line":25,"column":22},"end":{"line":28,"column":19}},"11":{"start":{"line":29,"column":12},"end":{"line":29,"column":30}},"12":{"start":{"line":31,"column":8},"end":{"line":31,"column":25}},"13":{"start":{"line":33,"column":4},"end":{"line":37,"column":5}}},"fnMap":{"0":{"name":"(anonymous_0)","decl":{"start":{"line":4,"column":18},"end":{"line":4,"column":19}},"loc":{"start":{"line":4,"column":24},"end":{"line":38,"column":1}},"line":4},"1":{"name":"(anonymous_1)","decl":{"start":{"line":17,"column":28},"end":{"line":17,"column":29}},"loc":{"start":{"line":17,"column":34},"end":{"line":32,"column":5}},"line":17}},"branchMap":{"0":{"loc":{"start":{"line":22,"column":12},"end":{"line":24,"column":13}},"type":"if","locations":[{"start":{"line":22,"column":12},"end":{"line":24,"column":13}},{"start":{},"end":{}}],"line":22},"1":{"loc":{"start":{"line":27,"column":17},"end":{"line":27,"column":68}},"type":"binary-expr","locations":[{"start":{"line":27,"column":17},"end":{"line":27,"column":26}},{"start":{"line":27,"column":30},"end":{"line":27,"column":68}}],"line":27}},"s":{"0":1,"1":2,"2":2,"3":2,"4":2,"5":2,"6":10,"7":10,"8":10,"9":0,"10":10,"11":10,"12":2,"13":2},"f":{"0":2,"1":2},"b":{"0":[0,10],"1":[10,10]},"_coverageSchema":"1a1c01bbd47fc00a2c39e90264f33305004495a9","hash":"47de03cd4e1ba9466d581422f7f56753c02bb98e"}
,"/home/dzikrurrohmani/Documents/ITDP/FRONT-END/react-native/react-native-fundamental/src/features/Login/LoginPage.js": {"path":"/home/dzikrurrohmani/Documents/ITDP/FRONT-END/react-native/react-native-fundamental/src/features/Login/LoginPage.js","statementMap":{"0":{"start":{"line":19,"column":18},"end":{"line":59,"column":1}},"1":{"start":{"line":27,"column":6},"end":{"line":27,"column":20}},"2":{"start":{"line":29,"column":2},"end":{"line":58,"column":4}},"3":{"start":{"line":61,"column":15},"end":{"line":108,"column":2}}},"fnMap":{"0":{"name":"(anonymous_0)","decl":{"start":{"line":19,"column":18},"end":{"line":19,"column":19}},"loc":{"start":{"line":19,"column":24},"end":{"line":59,"column":1}},"line":19}},"branchMap":{"0":{"loc":{"start":{"line":31,"column":7},"end":{"line":31,"column":59}},"type":"binary-expr","locations":[{"start":{"line":31,"column":7},"end":{"line":31,"column":26}},{"start":{"line":31,"column":30},"end":{"line":31,"column":59}}],"line":31},"1":{"loc":{"start":{"line":55,"column":9},"end":{"line":55,"column":83}},"type":"binary-expr","locations":[{"start":{"line":55,"column":9},"end":{"line":55,"column":33}},{"start":{"line":55,"column":37},"end":{"line":55,"column":83}}],"line":55}},"s":{"0":3,"1":10,"2":10,"3":3},"f":{"0":10},"b":{"0":[10,2],"1":[10,2]},"_coverageSchema":"1a1c01bbd47fc00a2c39e90264f33305004495a9","hash":"f731667507ed0ab3dccde0245abc94b68f750c77"}
,"/home/dzikrurrohmani/Documents/ITDP/FRONT-END/react-native/react-native-fundamental/src/features/Login/UseLoginPage.js": {"path":"/home/dzikrurrohmani/Documents/ITDP/FRONT-END/react-native/react-native-fundamental/src/features/Login/UseLoginPage.js","statementMap":{"0":{"start":{"line":19,"column":21},"end":{"line":58,"column":1}},"1":{"start":{"line":20,"column":21},"end":{"line":20,"column":36}},"2":{"start":{"line":21,"column":39},"end":{"line":21,"column":51}},"3":{"start":{"line":22,"column":39},"end":{"line":22,"column":51}},"4":{"start":{"line":23,"column":46},"end":{"line":23,"column":60}},"5":{"start":{"line":24,"column":27},"end":{"line":24,"column":36}},"6":{"start":{"line":25,"column":22},"end":{"line":25,"column":31}},"7":{"start":{"line":27,"column":25},"end":{"line":48,"column":3}},"8":{"start":{"line":28,"column":4},"end":{"line":28,"column":23}},"9":{"start":{"line":29,"column":4},"end":{"line":29,"column":17}},"10":{"start":{"line":30,"column":4},"end":{"line":47,"column":5}},"11":{"start":{"line":31,"column":8},"end":{"line":44,"column":9}},"12":{"start":{"line":32,"column":12},"end":{"line":32,"column":71}},"13":{"start":{"line":34,"column":29},"end":{"line":37,"column":16}},"14":{"start":{"line":38,"column":14},"end":{"line":38,"column":54}},"15":{"start":{"line":39,"column":14},"end":{"line":43,"column":15}},"16":{"start":{"line":40,"column":16},"end":{"line":40,"column":47}},"17":{"start":{"line":42,"column":16},"end":{"line":42,"column":52}},"18":{"start":{"line":46,"column":6},"end":{"line":46,"column":22}},"19":{"start":{"line":50,"column":2},"end":{"line":57,"column":4}}},"fnMap":{"0":{"name":"(anonymous_0)","decl":{"start":{"line":19,"column":21},"end":{"line":19,"column":22}},"loc":{"start":{"line":19,"column":27},"end":{"line":58,"column":1}},"line":19},"1":{"name":"(anonymous_1)","decl":{"start":{"line":27,"column":25},"end":{"line":27,"column":26}},"loc":{"start":{"line":27,"column":37},"end":{"line":48,"column":3}},"line":27}},"branchMap":{"0":{"loc":{"start":{"line":31,"column":8},"end":{"line":44,"column":9}},"type":"if","locations":[{"start":{"line":31,"column":8},"end":{"line":44,"column":9}},{"start":{"line":33,"column":15},"end":{"line":44,"column":9}}],"line":31},"1":{"loc":{"start":{"line":31,"column":12},"end":{"line":31,"column":46}},"type":"binary-expr","locations":[{"start":{"line":31,"column":12},"end":{"line":31,"column":27}},{"start":{"line":31,"column":31},"end":{"line":31,"column":46}}],"line":31},"2":{"loc":{"start":{"line":39,"column":14},"end":{"line":43,"column":15}},"type":"if","locations":[{"start":{"line":39,"column":14},"end":{"line":43,"column":15}},{"start":{"line":41,"column":21},"end":{"line":43,"column":15}}],"line":39}},"s":{"0":2,"1":7,"2":7,"3":7,"4":7,"5":7,"6":7,"7":7,"8":2,"9":2,"10":2,"11":2,"12":1,"13":1,"14":1,"15":1,"16":1,"17":0,"18":1,"19":7},"f":{"0":7,"1":2},"b":{"0":[1,1],"1":[2,1],"2":[1,0]},"_coverageSchema":"1a1c01bbd47fc00a2c39e90264f33305004495a9","hash":"7ee7274928a4c37c22cee507793726f1beac60cd"}
,"/home/dzikrurrohmani/Documents/ITDP/FRONT-END/react-native/react-native-fundamental/src/features/Pin/PinPage.js": {"path":"/home/dzikrurrohmani/Documents/ITDP/FRONT-END/react-native/react-native-fundamental/src/features/Pin/PinPage.js","statementMap":{"0":{"start":{"line":12,"column":16},"end":{"line":126,"column":1}},"1":{"start":{"line":13,"column":18},"end":{"line":13,"column":28}},"2":{"start":{"line":14,"column":26},"end":{"line":14,"column":38}},"3":{"start":{"line":15,"column":23},"end":{"line":15,"column":38}},"4":{"start":{"line":16,"column":18},"end":{"line":16,"column":28}},"5":{"start":{"line":17,"column":36},"end":{"line":17,"column":48}},"6":{"start":{"line":18,"column":38},"end":{"line":18,"column":50}},"7":{"start":{"line":19,"column":40},"end":{"line":19,"column":50}},"8":{"start":{"line":21,"column":18},"end":{"line":32,"column":5}},"9":{"start":{"line":34,"column":4},"end":{"line":39,"column":10}},"10":{"start":{"line":35,"column":21},"end":{"line":35,"column":56}},"11":{"start":{"line":35,"column":38},"end":{"line":35,"column":55}},"12":{"start":{"line":36,"column":8},"end":{"line":36,"column":30}},"13":{"start":{"line":37,"column":8},"end":{"line":37,"column":28}},"14":{"start":{"line":38,"column":8},"end":{"line":38,"column":41}},"15":{"start":{"line":41,"column":23},"end":{"line":46,"column":5}},"16":{"start":{"line":48,"column":26},"end":{"line":52,"column":5}},"17":{"start":{"line":49,"column":8},"end":{"line":51,"column":12}},"18":{"start":{"line":50,"column":12},"end":{"line":50,"column":97}},"19":{"start":{"line":55,"column":4},"end":{"line":61,"column":23}},"20":{"start":{"line":56,"column":8},"end":{"line":60,"column":9}},"21":{"start":{"line":57,"column":12},"end":{"line":59,"column":14}},"22":{"start":{"line":63,"column":23},"end":{"line":65,"column":5}},"23":{"start":{"line":64,"column":8},"end":{"line":64,"column":56}},"24":{"start":{"line":66,"column":28},"end":{"line":91,"column":5}},"25":{"start":{"line":67,"column":26},"end":{"line":67,"column":76}},"26":{"start":{"line":68,"column":21},"end":{"line":68,"column":23}},"27":{"start":{"line":70,"column":33},"end":{"line":70,"column":134}},"28":{"start":{"line":70,"column":55},"end":{"line":70,"column":83}},"29":{"start":{"line":70,"column":98},"end":{"line":70,"column":111}},"30":{"start":{"line":70,"column":128},"end":{"line":70,"column":133}},"31":{"start":{"line":71,"column":8},"end":{"line":71,"column":44}},"32":{"start":{"line":72,"column":8},"end":{"line":72,"column":35}},"33":{"start":{"line":74,"column":8},"end":{"line":88,"column":9}},"34":{"start":{"line":74,"column":21},"end":{"line":74,"column":22}},"35":{"start":{"line":75,"column":32},"end":{"line":75,"column":37}},"36":{"start":{"line":76,"column":30},"end":{"line":76,"column":39}},"37":{"start":{"line":77,"column":28},"end":{"line":77,"column":72}},"38":{"start":{"line":79,"column":16},"end":{"line":85,"column":22}},"39":{"start":{"line":83,"column":40},"end":{"line":83,"column":44}},"40":{"start":{"line":87,"column":12},"end":{"line":87,"column":24}},"41":{"start":{"line":89,"column":8},"end":{"line":89,"column":19}},"42":{"start":{"line":93,"column":4},"end":{"line":125,"column":5}},"43":{"start":{"line":118,"column":20},"end":{"line":118,"column":36}},"44":{"start":{"line":119,"column":20},"end":{"line":121,"column":22}},"45":{"start":{"line":128,"column":15},"end":{"line":145,"column":2}}},"fnMap":{"0":{"name":"(anonymous_0)","decl":{"start":{"line":12,"column":16},"end":{"line":12,"column":17}},"loc":{"start":{"line":12,"column":40},"end":{"line":126,"column":1}},"line":12},"1":{"name":"(anonymous_1)","decl":{"start":{"line":34,"column":14},"end":{"line":34,"column":15}},"loc":{"start":{"line":34,"column":18},"end":{"line":39,"column":5}},"line":34},"2":{"name":"(anonymous_2)","decl":{"start":{"line":35,"column":34},"end":{"line":35,"column":35}},"loc":{"start":{"line":35,"column":38},"end":{"line":35,"column":55}},"line":35},"3":{"name":"(anonymous_3)","decl":{"start":{"line":48,"column":26},"end":{"line":48,"column":27}},"loc":{"start":{"line":48,"column":38},"end":{"line":52,"column":5}},"line":48},"4":{"name":"(anonymous_4)","decl":{"start":{"line":49,"column":48},"end":{"line":49,"column":49}},"loc":{"start":{"line":49,"column":52},"end":{"line":51,"column":9}},"line":49},"5":{"name":"(anonymous_5)","decl":{"start":{"line":55,"column":14},"end":{"line":55,"column":15}},"loc":{"start":{"line":55,"column":18},"end":{"line":61,"column":5}},"line":55},"6":{"name":"(anonymous_6)","decl":{"start":{"line":63,"column":23},"end":{"line":63,"column":24}},"loc":{"start":{"line":63,"column":35},"end":{"line":65,"column":5}},"line":63},"7":{"name":"(anonymous_7)","decl":{"start":{"line":66,"column":28},"end":{"line":66,"column":29}},"loc":{"start":{"line":66,"column":34},"end":{"line":91,"column":5}},"line":66},"8":{"name":"(anonymous_8)","decl":{"start":{"line":70,"column":47},"end":{"line":70,"column":48}},"loc":{"start":{"line":70,"column":55},"end":{"line":70,"column":83}},"line":70},"9":{"name":"(anonymous_9)","decl":{"start":{"line":70,"column":91},"end":{"line":70,"column":92}},"loc":{"start":{"line":70,"column":98},"end":{"line":70,"column":111}},"line":70},"10":{"name":"(anonymous_10)","decl":{"start":{"line":70,"column":117},"end":{"line":70,"column":118}},"loc":{"start":{"line":70,"column":128},"end":{"line":70,"column":133}},"line":70},"11":{"name":"(anonymous_11)","decl":{"start":{"line":83,"column":34},"end":{"line":83,"column":35}},"loc":{"start":{"line":83,"column":40},"end":{"line":83,"column":44}},"line":83},"12":{"name":"(anonymous_12)","decl":{"start":{"line":117,"column":54},"end":{"line":117,"column":55}},"loc":{"start":{"line":117,"column":58},"end":{"line":122,"column":17}},"line":117}},"branchMap":{"0":{"loc":{"start":{"line":50,"column":12},"end":{"line":50,"column":97}},"type":"cond-expr","locations":[{"start":{"line":50,"column":49},"end":{"line":50,"column":70}},{"start":{"line":50,"column":73},"end":{"line":50,"column":97}}],"line":50},"1":{"loc":{"start":{"line":50,"column":12},"end":{"line":50,"column":46}},"type":"binary-expr","locations":[{"start":{"line":50,"column":12},"end":{"line":50,"column":27}},{"start":{"line":50,"column":31},"end":{"line":50,"column":46}}],"line":50},"2":{"loc":{"start":{"line":56,"column":8},"end":{"line":60,"column":9}},"type":"if","locations":[{"start":{"line":56,"column":8},"end":{"line":60,"column":9}},{"start":{},"end":{}}],"line":56}},"s":{"0":1,"1":0,"2":0,"3":0,"4":0,"5":0,"6":0,"7":0,"8":0,"9":0,"10":0,"11":0,"12":0,"13":0,"14":0,"15":0,"16":0,"17":0,"18":0,"19":0,"20":0,"21":0,"22":0,"23":0,"24":0,"25":0,"26":0,"27":0,"28":0,"29":0,"30":0,"31":0,"32":0,"33":0,"34":0,"35":0,"36":0,"37":0,"38":0,"39":0,"40":0,"41":0,"42":0,"43":0,"44":0,"45":1},"f":{"0":0,"1":0,"2":0,"3":0,"4":0,"5":0,"6":0,"7":0,"8":0,"9":0,"10":0,"11":0,"12":0},"b":{"0":[0,0],"1":[0,0],"2":[0,0]},"_coverageSchema":"1a1c01bbd47fc00a2c39e90264f33305004495a9","hash":"11b7f899105deac85b0464e824842ae7fa27196b"}
,"/home/dzikrurrohmani/Documents/ITDP/FRONT-END/react-native/react-native-fundamental/src/features/Pin/components/NumItem.js": {"path":"/home/dzikrurrohmani/Documents/ITDP/FRONT-END/react-native/react-native-fundamental/src/features/Pin/components/NumItem.js","statementMap":{"0":{"start":{"line":5,"column":16},"end":{"line":28,"column":1}},"1":{"start":{"line":6,"column":18},"end":{"line":6,"column":28}},"2":{"start":{"line":7,"column":19},"end":{"line":7,"column":33}},"3":{"start":{"line":8,"column":26},"end":{"line":22,"column":5}},"4":{"start":{"line":9,"column":8},"end":{"line":21,"column":9}},"5":{"start":{"line":10,"column":12},"end":{"line":16,"column":13}},"6":{"start":{"line":18,"column":12},"end":{"line":20,"column":13}},"7":{"start":{"line":23,"column":4},"end":{"line":27,"column":5}},"8":{"start":{"line":29,"column":16},"end":{"line":59,"column":2}},"9":{"start":{"line":29,"column":27},"end":{"line":59,"column":2}},"10":{"start":{"line":61,"column":25},"end":{"line":93,"column":1}},"11":{"start":{"line":62,"column":18},"end":{"line":62,"column":28}},"12":{"start":{"line":63,"column":19},"end":{"line":63,"column":33}},"13":{"start":{"line":64,"column":31},"end":{"line":74,"column":5}},"14":{"start":{"line":65,"column":8},"end":{"line":73,"column":9}},"15":{"start":{"line":66,"column":12},"end":{"line":70,"column":14}},"16":{"start":{"line":67,"column":16},"end":{"line":69,"column":39}},"17":{"start":{"line":68,"column":20},"end":{"line":68,"column":44}},"18":{"start":{"line":69,"column":23},"end":{"line":69,"column":39}},"19":{"start":{"line":72,"column":12},"end":{"line":72,"column":56}},"20":{"start":{"line":72,"column":33},"end":{"line":72,"column":55}},"21":{"start":{"line":75,"column":25},"end":{"line":87,"column":5}},"22":{"start":{"line":76,"column":8},"end":{"line":86,"column":9}},"23":{"start":{"line":77,"column":12},"end":{"line":83,"column":13}},"24":{"start":{"line":85,"column":12},"end":{"line":85,"column":52}},"25":{"start":{"line":88,"column":4},"end":{"line":92,"column":5}}},"fnMap":{"0":{"name":"(anonymous_0)","decl":{"start":{"line":5,"column":16},"end":{"line":5,"column":17}},"loc":{"start":{"line":5,"column":40},"end":{"line":28,"column":1}},"line":5},"1":{"name":"(anonymous_1)","decl":{"start":{"line":8,"column":26},"end":{"line":8,"column":27}},"loc":{"start":{"line":8,"column":32},"end":{"line":22,"column":5}},"line":8},"2":{"name":"(anonymous_2)","decl":{"start":{"line":29,"column":16},"end":{"line":29,"column":17}},"loc":{"start":{"line":29,"column":27},"end":{"line":59,"column":2}},"line":29},"3":{"name":"(anonymous_3)","decl":{"start":{"line":61,"column":25},"end":{"line":61,"column":26}},"loc":{"start":{"line":61,"column":46},"end":{"line":93,"column":1}},"line":61},"4":{"name":"(anonymous_4)","decl":{"start":{"line":64,"column":31},"end":{"line":64,"column":32}},"loc":{"start":{"line":64,"column":37},"end":{"line":74,"column":5}},"line":64},"5":{"name":"(anonymous_5)","decl":{"start":{"line":66,"column":20},"end":{"line":66,"column":21}},"loc":{"start":{"line":66,"column":33},"end":{"line":70,"column":13}},"line":66},"6":{"name":"(anonymous_6)","decl":{"start":{"line":72,"column":20},"end":{"line":72,"column":21}},"loc":{"start":{"line":72,"column":33},"end":{"line":72,"column":55}},"line":72},"7":{"name":"(anonymous_7)","decl":{"start":{"line":75,"column":25},"end":{"line":75,"column":26}},"loc":{"start":{"line":75,"column":31},"end":{"line":87,"column":5}},"line":75}},"branchMap":{"0":{"loc":{"start":{"line":9,"column":8},"end":{"line":21,"column":9}},"type":"if","locations":[{"start":{"line":9,"column":8},"end":{"line":21,"column":9}},{"start":{"line":17,"column":15},"end":{"line":21,"column":9}}],"line":9},"1":{"loc":{"start":{"line":65,"column":8},"end":{"line":73,"column":9}},"type":"if","locations":[{"start":{"line":65,"column":8},"end":{"line":73,"column":9}},{"start":{"line":71,"column":15},"end":{"line":73,"column":9}}],"line":65},"2":{"loc":{"start":{"line":67,"column":16},"end":{"line":69,"column":39}},"type":"if","locations":[{"start":{"line":67,"column":16},"end":{"line":69,"column":39}},{"start":{"line":69,"column":23},"end":{"line":69,"column":39}}],"line":67},"3":{"loc":{"start":{"line":76,"column":8},"end":{"line":86,"column":9}},"type":"if","locations":[{"start":{"line":76,"column":8},"end":{"line":86,"column":9}},{"start":{"line":84,"column":15},"end":{"line":86,"column":9}}],"line":76}},"s":{"0":1,"1":0,"2":0,"3":0,"4":0,"5":0,"6":0,"7":0,"8":1,"9":0,"10":1,"11":0,"12":0,"13":0,"14":0,"15":0,"16":0,"17":0,"18":0,"19":0,"20":0,"21":0,"22":0,"23":0,"24":0,"25":0},"f":{"0":0,"1":0,"2":0,"3":0,"4":0,"5":0,"6":0,"7":0},"b":{"0":[0,0],"1":[0,0],"2":[0,0],"3":[0,0]},"_coverageSchema":"1a1c01bbd47fc00a2c39e90264f33305004495a9","hash":"10b139deff5afe8cb7785395bdeba7c449a9cef7"}
,"/home/dzikrurrohmani/Documents/ITDP/FRONT-END/react-native/react-native-fundamental/src/features/Pin/components/PinInputIndicator.js": {"path":"/home/dzikrurrohmani/Documents/ITDP/FRONT-END/react-native/react-native-fundamental/src/features/Pin/components/PinInputIndicator.js","statementMap":{"0":{"start":{"line":5,"column":26},"end":{"line":25,"column":1}},"1":{"start":{"line":6,"column":28},"end":{"line":19,"column":5}},"2":{"start":{"line":7,"column":25},"end":{"line":7,"column":27}},"3":{"start":{"line":8,"column":8},"end":{"line":17,"column":9}},"4":{"start":{"line":8,"column":21},"end":{"line":8,"column":22}},"5":{"start":{"line":9,"column":12},"end":{"line":16,"column":13}},"6":{"start":{"line":18,"column":8},"end":{"line":18,"column":25}},"7":{"start":{"line":20,"column":4},"end":{"line":24,"column":5}}},"fnMap":{"0":{"name":"(anonymous_0)","decl":{"start":{"line":5,"column":26},"end":{"line":5,"column":27}},"loc":{"start":{"line":5,"column":40},"end":{"line":25,"column":1}},"line":5},"1":{"name":"(anonymous_1)","decl":{"start":{"line":6,"column":28},"end":{"line":6,"column":29}},"loc":{"start":{"line":6,"column":34},"end":{"line":19,"column":5}},"line":6}},"branchMap":{"0":{"loc":{"start":{"line":11,"column":34},"end":{"line":11,"column":67}},"type":"cond-expr","locations":[{"start":{"line":11,"column":46},"end":{"line":11,"column":54}},{"start":{"line":11,"column":57},"end":{"line":11,"column":67}}],"line":11}},"s":{"0":1,"1":0,"2":0,"3":0,"4":0,"5":0,"6":0,"7":0},"f":{"0":0,"1":0},"b":{"0":[0,0]},"_coverageSchema":"1a1c01bbd47fc00a2c39e90264f33305004495a9","hash":"b94a956be417f29e4712461b1f91294bc45c7ba6"}
,"/home/dzikrurrohmani/Documents/ITDP/FRONT-END/react-native/react-native-fundamental/src/features/Welcome/WelcomePage.js": {"path":"/home/dzikrurrohmani/Documents/ITDP/FRONT-END/react-native/react-native-fundamental/src/features/Welcome/WelcomePage.js","statementMap":{"0":{"start":{"line":17,"column":20},"end":{"line":45,"column":1}},"1":{"start":{"line":18,"column":21},"end":{"line":18,"column":36}},"2":{"start":{"line":19,"column":2},"end":{"line":44,"column":4}},"3":{"start":{"line":39,"column":12},"end":{"line":39,"column":44}},"4":{"start":{"line":47,"column":15},"end":{"line":56,"column":2}}},"fnMap":{"0":{"name":"(anonymous_0)","decl":{"start":{"line":17,"column":20},"end":{"line":17,"column":21}},"loc":{"start":{"line":17,"column":26},"end":{"line":45,"column":1}},"line":17},"1":{"name":"(anonymous_1)","decl":{"start":{"line":38,"column":19},"end":{"line":38,"column":20}},"loc":{"start":{"line":38,"column":25},"end":{"line":40,"column":11}},"line":38}},"branchMap":{},"s":{"0":2,"1":3,"2":3,"3":0,"4":2},"f":{"0":3,"1":0},"b":{},"_coverageSchema":"1a1c01bbd47fc00a2c39e90264f33305004495a9","hash":"aab48095898862d6e5c4bbe86e5d30d07581a822"}
,"/home/dzikrurrohmani/Documents/ITDP/FRONT-END/react-native/react-native-fundamental/src/features/product/ProductList.js": {"path":"/home/dzikrurrohmani/Documents/ITDP/FRONT-END/react-native/react-native-fundamental/src/features/product/ProductList.js","statementMap":{"0":{"start":{"line":9,"column":20},"end":{"line":55,"column":1}},"1":{"start":{"line":10,"column":16},"end":{"line":10,"column":26}},"2":{"start":{"line":11,"column":62},"end":{"line":11,"column":78}},"3":{"start":{"line":14,"column":14},"end":{"line":14,"column":16}},"4":{"start":{"line":16,"column":21},"end":{"line":26,"column":3}},"5":{"start":{"line":17,"column":4},"end":{"line":25,"column":6}},"6":{"start":{"line":21,"column":24},"end":{"line":21,"column":43}},"7":{"start":{"line":23,"column":24},"end":{"line":23,"column":39}},"8":{"start":{"line":28,"column":18},"end":{"line":30,"column":3}},"9":{"start":{"line":29,"column":4},"end":{"line":29,"column":21}},"10":{"start":{"line":32,"column":19},"end":{"line":37,"column":3}},"11":{"start":{"line":33,"column":4},"end":{"line":35,"column":5}},"12":{"start":{"line":34,"column":6},"end":{"line":34,"column":28}},"13":{"start":{"line":36,"column":4},"end":{"line":36,"column":31}},"14":{"start":{"line":38,"column":2},"end":{"line":54,"column":4}},"15":{"start":{"line":49,"column":36},"end":{"line":49,"column":43}}},"fnMap":{"0":{"name":"(anonymous_0)","decl":{"start":{"line":9,"column":20},"end":{"line":9,"column":21}},"loc":{"start":{"line":9,"column":26},"end":{"line":55,"column":1}},"line":9},"1":{"name":"(anonymous_1)","decl":{"start":{"line":16,"column":21},"end":{"line":16,"column":22}},"loc":{"start":{"line":16,"column":42},"end":{"line":26,"column":3}},"line":16},"2":{"name":"(anonymous_2)","decl":{"start":{"line":21,"column":18},"end":{"line":21,"column":19}},"loc":{"start":{"line":21,"column":24},"end":{"line":21,"column":43}},"line":21},"3":{"name":"(anonymous_3)","decl":{"start":{"line":23,"column":18},"end":{"line":23,"column":19}},"loc":{"start":{"line":23,"column":24},"end":{"line":23,"column":39}},"line":23},"4":{"name":"(anonymous_4)","decl":{"start":{"line":28,"column":18},"end":{"line":28,"column":19}},"loc":{"start":{"line":28,"column":34},"end":{"line":30,"column":3}},"line":28},"5":{"name":"(anonymous_5)","decl":{"start":{"line":32,"column":19},"end":{"line":32,"column":20}},"loc":{"start":{"line":32,"column":30},"end":{"line":37,"column":3}},"line":32},"6":{"name":"(anonymous_6)","decl":{"start":{"line":49,"column":26},"end":{"line":49,"column":27}},"loc":{"start":{"line":49,"column":36},"end":{"line":49,"column":43}},"line":49}},"branchMap":{"0":{"loc":{"start":{"line":33,"column":4},"end":{"line":35,"column":5}},"type":"if","locations":[{"start":{"line":33,"column":4},"end":{"line":35,"column":5}},{"start":{},"end":{}}],"line":33},"1":{"loc":{"start":{"line":33,"column":8},"end":{"line":33,"column":53}},"type":"binary-expr","locations":[{"start":{"line":33,"column":8},"end":{"line":33,"column":21}},{"start":{"line":33,"column":25},"end":{"line":33,"column":53}}],"line":33}},"s":{"0":2,"1":1,"2":1,"3":1,"4":1,"5":2,"6":0,"7":0,"8":1,"9":4,"10":1,"11":0,"12":0,"13":0,"14":1,"15":2},"f":{"0":1,"1":2,"2":0,"3":0,"4":4,"5":0,"6":2},"b":{"0":[0,0],"1":[0,0]},"_coverageSchema":"1a1c01bbd47fc00a2c39e90264f33305004495a9","hash":"313032bf63463812dde191155156418fe1c04016"}
,"/home/dzikrurrohmani/Documents/ITDP/FRONT-END/react-native/react-native-fundamental/src/features/product/UseProductList.js": {"path":"/home/dzikrurrohmani/Documents/ITDP/FRONT-END/react-native/react-native-fundamental/src/features/product/UseProductList.js","statementMap":{"0":{"start":{"line":5,"column":23},"end":{"line":58,"column":1}},"1":{"start":{"line":6,"column":29},"end":{"line":6,"column":38}},"2":{"start":{"line":7,"column":26},"end":{"line":7,"column":37}},"3":{"start":{"line":8,"column":30},"end":{"line":8,"column":44}},"4":{"start":{"line":9,"column":55},"end":{"line":9,"column":69}},"5":{"start":{"line":11,"column":2},"end":{"line":13,"column":13}},"6":{"start":{"line":12,"column":4},"end":{"line":12,"column":22}},"7":{"start":{"line":15,"column":26},"end":{"line":30,"column":3}},"8":{"start":{"line":16,"column":4},"end":{"line":16,"column":28}},"9":{"start":{"line":17,"column":4},"end":{"line":29,"column":5}},"10":{"start":{"line":18,"column":23},"end":{"line":18,"column":67}},"11":{"start":{"line":19,"column":6},"end":{"line":24,"column":7}},"12":{"start":{"line":20,"column":8},"end":{"line":20,"column":26}},"13":{"start":{"line":22,"column":23},"end":{"line":22,"column":55}},"14":{"start":{"line":23,"column":8},"end":{"line":23,"column":24}},"15":{"start":{"line":25,"column":6},"end":{"line":25,"column":22}},"16":{"start":{"line":27,"column":6},"end":{"line":27,"column":23}},"17":{"start":{"line":28,"column":6},"end":{"line":28,"column":25}},"18":{"start":{"line":31,"column":22},"end":{"line":37,"column":3}},"19":{"start":{"line":32,"column":4},"end":{"line":36,"column":5}},"20":{"start":{"line":33,"column":6},"end":{"line":33,"column":44}},"21":{"start":{"line":33,"column":29},"end":{"line":33,"column":42}},"22":{"start":{"line":35,"column":6},"end":{"line":35,"column":30}},"23":{"start":{"line":39,"column":20},"end":{"line":45,"column":3}},"24":{"start":{"line":40,"column":4},"end":{"line":44,"column":5}},"25":{"start":{"line":41,"column":6},"end":{"line":41,"column":44}},"26":{"start":{"line":41,"column":29},"end":{"line":41,"column":42}},"27":{"start":{"line":43,"column":6},"end":{"line":43,"column":30}},"28":{"start":{"line":47,"column":23},"end":{"line":50,"column":3}},"29":{"start":{"line":48,"column":4},"end":{"line":48,"column":54}},"30":{"start":{"line":49,"column":4},"end":{"line":49,"column":21}},"31":{"start":{"line":52,"column":2},"end":{"line":57,"column":4}}},"fnMap":{"0":{"name":"(anonymous_0)","decl":{"start":{"line":5,"column":23},"end":{"line":5,"column":24}},"loc":{"start":{"line":5,"column":29},"end":{"line":58,"column":1}},"line":5},"1":{"name":"(anonymous_1)","decl":{"start":{"line":11,"column":12},"end":{"line":11,"column":13}},"loc":{"start":{"line":11,"column":18},"end":{"line":13,"column":3}},"line":11},"2":{"name":"(anonymous_2)","decl":{"start":{"line":15,"column":26},"end":{"line":15,"column":27}},"loc":{"start":{"line":15,"column":38},"end":{"line":30,"column":3}},"line":15},"3":{"name":"(anonymous_3)","decl":{"start":{"line":31,"column":22},"end":{"line":31,"column":23}},"loc":{"start":{"line":31,"column":34},"end":{"line":37,"column":3}},"line":31},"4":{"name":"(anonymous_4)","decl":{"start":{"line":33,"column":14},"end":{"line":33,"column":15}},"loc":{"start":{"line":33,"column":29},"end":{"line":33,"column":42}},"line":33},"5":{"name":"(anonymous_5)","decl":{"start":{"line":39,"column":20},"end":{"line":39,"column":21}},"loc":{"start":{"line":39,"column":32},"end":{"line":45,"column":3}},"line":39},"6":{"name":"(anonymous_6)","decl":{"start":{"line":41,"column":14},"end":{"line":41,"column":15}},"loc":{"start":{"line":41,"column":29},"end":{"line":41,"column":42}},"line":41},"7":{"name":"(anonymous_7)","decl":{"start":{"line":47,"column":23},"end":{"line":47,"column":24}},"loc":{"start":{"line":47,"column":40},"end":{"line":50,"column":3}},"line":47}},"branchMap":{"0":{"loc":{"start":{"line":19,"column":6},"end":{"line":24,"column":7}},"type":"if","locations":[{"start":{"line":19,"column":6},"end":{"line":24,"column":7}},{"start":{"line":21,"column":13},"end":{"line":24,"column":7}}],"line":19},"1":{"loc":{"start":{"line":32,"column":4},"end":{"line":36,"column":5}},"type":"if","locations":[{"start":{"line":32,"column":4},"end":{"line":36,"column":5}},{"start":{"line":34,"column":11},"end":{"line":36,"column":5}}],"line":32},"2":{"loc":{"start":{"line":40,"column":4},"end":{"line":44,"column":5}},"type":"if","locations":[{"start":{"line":40,"column":4},"end":{"line":44,"column":5}},{"start":{"line":42,"column":11},"end":{"line":44,"column":5}}],"line":40}},"s":{"0":1,"1":0,"2":0,"3":0,"4":0,"5":0,"6":0,"7":0,"8":0,"9":0,"10":0,"11":0,"12":0,"13":0,"14":0,"15":0,"16":0,"17":0,"18":0,"19":0,"20":0,"21":0,"22":0,"23":0,"24":0,"25":0,"26":0,"27":0,"28":0,"29":0,"30":0,"31":0},"f":{"0":0,"1":0,"2":0,"3":0,"4":0,"5":0,"6":0,"7":0},"b":{"0":[0,0],"1":[0,0],"2":[0,0]},"_coverageSchema":"1a1c01bbd47fc00a2c39e90264f33305004495a9","hash":"cf180fea78b2dffca99bc7ef41d2e70131033ddb"}
,"/home/dzikrurrohmani/Documents/ITDP/FRONT-END/react-native/react-native-fundamental/src/features/product/components/ProductItem.js": {"path":"/home/dzikrurrohmani/Documents/ITDP/FRONT-END/react-native/react-native-fundamental/src/features/product/components/ProductItem.js","statementMap":{"0":{"start":{"line":7,"column":13},"end":{"line":34,"column":1}},"1":{"start":{"line":8,"column":18},"end":{"line":8,"column":28}},"2":{"start":{"line":9,"column":19},"end":{"line":9,"column":33}},"3":{"start":{"line":10,"column":22},"end":{"line":22,"column":5}},"4":{"start":{"line":11,"column":22},"end":{"line":14,"column":10}},"5":{"start":{"line":15,"column":8},"end":{"line":21,"column":10}},"6":{"start":{"line":23,"column":4},"end":{"line":33,"column":5}},"7":{"start":{"line":27,"column":28},"end":{"line":27,"column":44}},"8":{"start":{"line":35,"column":16},"end":{"line":55,"column":2}},"9":{"start":{"line":35,"column":27},"end":{"line":55,"column":2}}},"fnMap":{"0":{"name":"(anonymous_0)","decl":{"start":{"line":7,"column":13},"end":{"line":7,"column":14}},"loc":{"start":{"line":7,"column":64},"end":{"line":34,"column":1}},"line":7},"1":{"name":"(anonymous_1)","decl":{"start":{"line":10,"column":22},"end":{"line":10,"column":23}},"loc":{"start":{"line":10,"column":43},"end":{"line":22,"column":5}},"line":10},"2":{"name":"(anonymous_2)","decl":{"start":{"line":27,"column":21},"end":{"line":27,"column":22}},"loc":{"start":{"line":27,"column":28},"end":{"line":27,"column":44}},"line":27},"3":{"name":"(anonymous_3)","decl":{"start":{"line":35,"column":16},"end":{"line":35,"column":17}},"loc":{"start":{"line":35,"column":27},"end":{"line":55,"column":2}},"line":35}},"branchMap":{},"s":{"0":2,"1":2,"2":2,"3":2,"4":2,"5":2,"6":2,"7":4,"8":2,"9":2},"f":{"0":2,"1":2,"2":4,"3":2},"b":{},"_coverageSchema":"1a1c01bbd47fc00a2c39e90264f33305004495a9","hash":"820a0c4a65b1889814697708f4882193c8277235"}
,"/home/dzikrurrohmani/Documents/ITDP/FRONT-END/react-native/react-native-fundamental/src/navigation/AppRouter.js": {"path":"/home/dzikrurrohmani/Documents/ITDP/FRONT-END/react-native/react-native-fundamental/src/navigation/AppRouter.js","statementMap":{"0":{"start":{"line":15,"column":14},"end":{"line":15,"column":36}},"1":{"start":{"line":17,"column":18},"end":{"line":47,"column":1}},"2":{"start":{"line":18,"column":27},"end":{"line":18,"column":36}},"3":{"start":{"line":19,"column":44},"end":{"line":19,"column":63}},"4":{"start":{"line":20,"column":4},"end":{"line":34,"column":10}},"5":{"start":{"line":21,"column":29},"end":{"line":32,"column":9}},"6":{"start":{"line":22,"column":12},"end":{"line":31,"column":13}},"7":{"start":{"line":23,"column":29},"end":{"line":23,"column":49}},"8":{"start":{"line":24,"column":16},"end":{"line":28,"column":17}},"9":{"start":{"line":25,"column":20},"end":{"line":25,"column":48}},"10":{"start":{"line":27,"column":20},"end":{"line":27,"column":51}},"11":{"start":{"line":30,"column":16},"end":{"line":30,"column":47}},"12":{"start":{"line":33,"column":8},"end":{"line":33,"column":23}},"13":{"start":{"line":35,"column":4},"end":{"line":35,"column":52}},"14":{"start":{"line":36,"column":4},"end":{"line":46,"column":5}},"15":{"start":{"line":41,"column":111},"end":{"line":41,"column":174}}},"fnMap":{"0":{"name":"(anonymous_0)","decl":{"start":{"line":17,"column":18},"end":{"line":17,"column":19}},"loc":{"start":{"line":17,"column":40},"end":{"line":47,"column":1}},"line":17},"1":{"name":"(anonymous_1)","decl":{"start":{"line":20,"column":14},"end":{"line":20,"column":15}},"loc":{"start":{"line":20,"column":18},"end":{"line":34,"column":5}},"line":20},"2":{"name":"(anonymous_2)","decl":{"start":{"line":21,"column":29},"end":{"line":21,"column":30}},"loc":{"start":{"line":21,"column":41},"end":{"line":32,"column":9}},"line":21},"3":{"name":"(anonymous_3)","decl":{"start":{"line":41,"column":106},"end":{"line":41,"column":107}},"loc":{"start":{"line":41,"column":111},"end":{"line":41,"column":174}},"line":41}},"branchMap":{"0":{"loc":{"start":{"line":17,"column":20},"end":{"line":17,"column":34}},"type":"default-arg","locations":[{"start":{"line":17,"column":30},"end":{"line":17,"column":34}}],"line":17},"1":{"loc":{"start":{"line":24,"column":16},"end":{"line":28,"column":17}},"type":"if","locations":[{"start":{"line":24,"column":16},"end":{"line":28,"column":17}},{"start":{"line":26,"column":23},"end":{"line":28,"column":17}}],"line":24},"2":{"loc":{"start":{"line":36,"column":11},"end":{"line":46,"column":5}},"type":"cond-expr","locations":[{"start":{"line":37,"column":8},"end":{"line":43,"column":26}},{"start":{"line":45,"column":8},"end":{"line":45,"column":21}}],"line":36}},"s":{"0":1,"1":1,"2":8,"3":8,"4":8,"5":4,"6":4,"7":4,"8":2,"9":1,"10":1,"11":2,"12":4,"13":8,"14":8,"15":0},"f":{"0":8,"1":4,"2":4,"3":0},"b":{"0":[6],"1":[1,1],"2":[5,3]},"_coverageSchema":"1a1c01bbd47fc00a2c39e90264f33305004495a9","hash":"c2dcc85211c7a49aedb120779a4042249892923d"}
,"/home/dzikrurrohmani/Documents/ITDP/FRONT-END/react-native/react-native-fundamental/src/navigation/HomeRouter.js": {"path":"/home/dzikrurrohmani/Documents/ITDP/FRONT-END/react-native/react-native-fundamental/src/navigation/HomeRouter.js","statementMap":{"0":{"start":{"line":8,"column":12},"end":{"line":8,"column":38}},"1":{"start":{"line":9,"column":19},"end":{"line":28,"column":1}},"2":{"start":{"line":10,"column":18},"end":{"line":10,"column":28}},"3":{"start":{"line":11,"column":4},"end":{"line":27,"column":5}},"4":{"start":{"line":12,"column":51},"end":{"line":23,"column":9}},"5":{"start":{"line":14,"column":16},"end":{"line":19,"column":17}},"6":{"start":{"line":16,"column":24},"end":{"line":16,"column":85}},"7":{"start":{"line":18,"column":24},"end":{"line":18,"column":93}}},"fnMap":{"0":{"name":"(anonymous_0)","decl":{"start":{"line":9,"column":19},"end":{"line":9,"column":20}},"loc":{"start":{"line":9,"column":25},"end":{"line":28,"column":1}},"line":9},"1":{"name":"(anonymous_1)","decl":{"start":{"line":12,"column":38},"end":{"line":12,"column":39}},"loc":{"start":{"line":12,"column":51},"end":{"line":23,"column":9}},"line":12},"2":{"name":"(anonymous_2)","decl":{"start":{"line":13,"column":24},"end":{"line":13,"column":25}},"loc":{"start":{"line":13,"column":43},"end":{"line":20,"column":13}},"line":13}},"branchMap":{"0":{"loc":{"start":{"line":14,"column":16},"end":{"line":19,"column":17}},"type":"switch","locations":[{"start":{"line":15,"column":20},"end":{"line":16,"column":85}},{"start":{"line":17,"column":20},"end":{"line":18,"column":93}}],"line":14}},"s":{"0":1,"1":1,"2":2,"3":2,"4":4,"5":8,"6":4,"7":4},"f":{"0":2,"1":4,"2":8},"b":{"0":[4,4]},"_coverageSchema":"1a1c01bbd47fc00a2c39e90264f33305004495a9","hash":"f2b5ee513864bd291218434791f55da4d2c3c8a6"}
,"/home/dzikrurrohmani/Documents/ITDP/FRONT-END/react-native/react-native-fundamental/src/shared/Theme.js": {"path":"/home/dzikrurrohmani/Documents/ITDP/FRONT-END/react-native/react-native-fundamental/src/shared/Theme.js","statementMap":{"0":{"start":{"line":1,"column":16},"end":{"line":6,"column":1}},"1":{"start":{"line":8,"column":21},"end":{"line":48,"column":1}}},"fnMap":{},"branchMap":{},"s":{"0":5,"1":5},"f":{},"b":{},"_coverageSchema":"1a1c01bbd47fc00a2c39e90264f33305004495a9","hash":"862af78923809660d445e8604e8018efd6c4c63e"}
,"/home/dzikrurrohmani/Documents/ITDP/FRONT-END/react-native/react-native-fundamental/src/shared/components/AppBackground.js": {"path":"/home/dzikrurrohmani/Documents/ITDP/FRONT-END/react-native/react-native-fundamental/src/shared/components/AppBackground.js","statementMap":{"0":{"start":{"line":5,"column":22},"end":{"line":13,"column":1}},"1":{"start":{"line":6,"column":14},"end":{"line":6,"column":24}},"2":{"start":{"line":8,"column":0},"end":{"line":12,"column":1}},"3":{"start":{"line":15,"column":15},"end":{"line":25,"column":2}}},"fnMap":{"0":{"name":"(anonymous_0)","decl":{"start":{"line":5,"column":22},"end":{"line":5,"column":23}},"loc":{"start":{"line":5,"column":45},"end":{"line":13,"column":1}},"line":5}},"branchMap":{},"s":{"0":3,"1":6,"2":6,"3":3},"f":{"0":6},"b":{},"_coverageSchema":"1a1c01bbd47fc00a2c39e90264f33305004495a9","hash":"02f26cbcaa4cc722c4c256506708e325298ad6e8"}
,"/home/dzikrurrohmani/Documents/ITDP/FRONT-END/react-native/react-native-fundamental/src/shared/components/Avatar.js": {"path":"/home/dzikrurrohmani/Documents/ITDP/FRONT-END/react-native/react-native-fundamental/src/shared/components/Avatar.js","statementMap":{"0":{"start":{"line":5,"column":15},"end":{"line":11,"column":1}},"1":{"start":{"line":6,"column":18},"end":{"line":6,"column":28}},"2":{"start":{"line":7,"column":19},"end":{"line":7,"column":33}},"3":{"start":{"line":8,"column":4},"end":{"line":10,"column":5}},"4":{"start":{"line":13,"column":16},"end":{"line":20,"column":2}},"5":{"start":{"line":13,"column":27},"end":{"line":20,"column":2}}},"fnMap":{"0":{"name":"(anonymous_0)","decl":{"start":{"line":5,"column":15},"end":{"line":5,"column":16}},"loc":{"start":{"line":5,"column":34},"end":{"line":11,"column":1}},"line":5},"1":{"name":"(anonymous_1)","decl":{"start":{"line":13,"column":16},"end":{"line":13,"column":17}},"loc":{"start":{"line":13,"column":27},"end":{"line":20,"column":2}},"line":13}},"branchMap":{"0":{"loc":{"start":{"line":5,"column":17},"end":{"line":5,"column":28}},"type":"default-arg","locations":[{"start":{"line":5,"column":26},"end":{"line":5,"column":28}}],"line":5}},"s":{"0":2,"1":2,"2":2,"3":2,"4":2,"5":2},"f":{"0":2,"1":2},"b":{"0":[0]},"_coverageSchema":"1a1c01bbd47fc00a2c39e90264f33305004495a9","hash":"000f3c2b5356cbe9a5daab9465daae4d34cf71f1"}
,"/home/dzikrurrohmani/Documents/ITDP/FRONT-END/react-native/react-native-fundamental/src/shared/components/FormButton.js": {"path":"/home/dzikrurrohmani/Documents/ITDP/FRONT-END/react-native/react-native-fundamental/src/shared/components/FormButton.js","statementMap":{"0":{"start":{"line":4,"column":19},"end":{"line":12,"column":1}},"1":{"start":{"line":5,"column":18},"end":{"line":5,"column":28}},"2":{"start":{"line":6,"column":18},"end":{"line":6,"column":32}},"3":{"start":{"line":7,"column":4},"end":{"line":11,"column":5}},"4":{"start":{"line":14,"column":16},"end":{"line":26,"column":3}},"5":{"start":{"line":14,"column":28},"end":{"line":26,"column":2}}},"fnMap":{"0":{"name":"(anonymous_0)","decl":{"start":{"line":4,"column":19},"end":{"line":4,"column":20}},"loc":{"start":{"line":4,"column":41},"end":{"line":12,"column":1}},"line":4},"1":{"name":"(anonymous_1)","decl":{"start":{"line":14,"column":16},"end":{"line":14,"column":17}},"loc":{"start":{"line":14,"column":28},"end":{"line":26,"column":2}},"line":14}},"branchMap":{},"s":{"0":4,"1":15,"2":15,"3":15,"4":4,"5":15},"f":{"0":15,"1":15},"b":{},"_coverageSchema":"1a1c01bbd47fc00a2c39e90264f33305004495a9","hash":"a079016d4f2e074333cf104b3c82721890637dd5"}
,"/home/dzikrurrohmani/Documents/ITDP/FRONT-END/react-native/react-native-fundamental/src/shared/components/FormInput.js": {"path":"/home/dzikrurrohmani/Documents/ITDP/FRONT-END/react-native/react-native-fundamental/src/shared/components/FormInput.js","statementMap":{"0":{"start":{"line":4,"column":18},"end":{"line":15,"column":1}},"1":{"start":{"line":5,"column":18},"end":{"line":5,"column":28}},"2":{"start":{"line":6,"column":18},"end":{"line":6,"column":32}},"3":{"start":{"line":7,"column":4},"end":{"line":14,"column":5}},"4":{"start":{"line":17,"column":16},"end":{"line":29,"column":3}},"5":{"start":{"line":17,"column":28},"end":{"line":29,"column":2}}},"fnMap":{"0":{"name":"(anonymous_0)","decl":{"start":{"line":4,"column":18},"end":{"line":4,"column":19}},"loc":{"start":{"line":4,"column":86},"end":{"line":15,"column":1}},"line":4},"1":{"name":"(anonymous_1)","decl":{"start":{"line":17,"column":16},"end":{"line":17,"column":17}},"loc":{"start":{"line":17,"column":28},"end":{"line":29,"column":2}},"line":17}},"branchMap":{"0":{"loc":{"start":{"line":4,"column":42},"end":{"line":4,"column":58}},"type":"default-arg","locations":[{"start":{"line":4,"column":56},"end":{"line":4,"column":58}}],"line":4},"1":{"loc":{"start":{"line":4,"column":60},"end":{"line":4,"column":80}},"type":"default-arg","locations":[{"start":{"line":4,"column":71},"end":{"line":4,"column":80}}],"line":4}},"s":{"0":3,"1":10,"2":10,"3":10,"4":3,"5":10},"f":{"0":10,"1":10},"b":{"0":[0],"1":[10]},"_coverageSchema":"1a1c01bbd47fc00a2c39e90264f33305004495a9","hash":"ffcb3b5ca85816d8f48da46a10afa730b6c034c7"}
,"/home/dzikrurrohmani/Documents/ITDP/FRONT-END/react-native/react-native-fundamental/src/shared/components/FormPassword.js": {"path":"/home/dzikrurrohmani/Documents/ITDP/FRONT-END/react-native/react-native-fundamental/src/shared/components/FormPassword.js","statementMap":{"0":{"start":{"line":6,"column":21},"end":{"line":24,"column":1}},"1":{"start":{"line":7,"column":18},"end":{"line":7,"column":28}},"2":{"start":{"line":8,"column":19},"end":{"line":8,"column":33}},"3":{"start":{"line":9,"column":36},"end":{"line":9,"column":50}},"4":{"start":{"line":11,"column":4},"end":{"line":23,"column":5}},"5":{"start":{"line":19,"column":38},"end":{"line":19,"column":60}},"6":{"start":{"line":26,"column":16},"end":{"line":44,"column":2}},"7":{"start":{"line":26,"column":27},"end":{"line":44,"column":2}}},"fnMap":{"0":{"name":"(anonymous_0)","decl":{"start":{"line":6,"column":21},"end":{"line":6,"column":22}},"loc":{"start":{"line":6,"column":67},"end":{"line":24,"column":1}},"line":6},"1":{"name":"(anonymous_1)","decl":{"start":{"line":19,"column":32},"end":{"line":19,"column":33}},"loc":{"start":{"line":19,"column":38},"end":{"line":19,"column":60}},"line":19},"2":{"name":"(anonymous_2)","decl":{"start":{"line":26,"column":16},"end":{"line":26,"column":17}},"loc":{"start":{"line":26,"column":27},"end":{"line":44,"column":2}},"line":26}},"branchMap":{"0":{"loc":{"start":{"line":6,"column":45},"end":{"line":6,"column":61}},"type":"default-arg","locations":[{"start":{"line":6,"column":59},"end":{"line":6,"column":61}}],"line":6},"1":{"loc":{"start":{"line":20,"column":30},"end":{"line":20,"column":64}},"type":"cond-expr","locations":[{"start":{"line":20,"column":41},"end":{"line":20,"column":56}},{"start":{"line":20,"column":59},"end":{"line":20,"column":64}}],"line":20}},"s":{"0":3,"1":10,"2":10,"3":10,"4":10,"5":0,"6":3,"7":10},"f":{"0":10,"1":0,"2":10},"b":{"0":[0],"1":[10,0]},"_coverageSchema":"1a1c01bbd47fc00a2c39e90264f33305004495a9","hash":"6a3252e08b8b39739001cb7ed56cefe1c09af02a"}
,"/home/dzikrurrohmani/Documents/ITDP/FRONT-END/react-native/react-native-fundamental/src/shared/components/HeaderPageLabel.js": {"path":"/home/dzikrurrohmani/Documents/ITDP/FRONT-END/react-native/react-native-fundamental/src/shared/components/HeaderPageLabel.js","statementMap":{"0":{"start":{"line":5,"column":24},"end":{"line":14,"column":1}},"1":{"start":{"line":6,"column":18},"end":{"line":6,"column":28}},"2":{"start":{"line":7,"column":19},"end":{"line":7,"column":33}},"3":{"start":{"line":8,"column":4},"end":{"line":13,"column":5}},"4":{"start":{"line":16,"column":16},"end":{"line":26,"column":2}},"5":{"start":{"line":16,"column":27},"end":{"line":26,"column":2}}},"fnMap":{"0":{"name":"(anonymous_0)","decl":{"start":{"line":5,"column":24},"end":{"line":5,"column":25}},"loc":{"start":{"line":5,"column":53},"end":{"line":14,"column":1}},"line":5},"1":{"name":"(anonymous_1)","decl":{"start":{"line":16,"column":16},"end":{"line":16,"column":17}},"loc":{"start":{"line":16,"column":27},"end":{"line":26,"column":2}},"line":16}},"branchMap":{"0":{"loc":{"start":{"line":5,"column":26},"end":{"line":5,"column":33}},"type":"default-arg","locations":[{"start":{"line":5,"column":31},"end":{"line":5,"column":33}}],"line":5},"1":{"loc":{"start":{"line":5,"column":35},"end":{"line":5,"column":47}},"type":"default-arg","locations":[{"start":{"line":5,"column":45},"end":{"line":5,"column":47}}],"line":5},"2":{"loc":{"start":{"line":11,"column":13},"end":{"line":11,"column":56}},"type":"binary-expr","locations":[{"start":{"line":11,"column":13},"end":{"line":11,"column":22}},{"start":{"line":11,"column":26},"end":{"line":11,"column":56}}],"line":11}},"s":{"0":2,"1":11,"2":11,"3":11,"4":2,"5":11},"f":{"0":11,"1":11},"b":{"0":[0],"1":[9],"2":[11,2]},"_coverageSchema":"1a1c01bbd47fc00a2c39e90264f33305004495a9","hash":"a21157dc030f6957868b1632b9d8765dd9f54b54"}
,"/home/dzikrurrohmani/Documents/ITDP/FRONT-END/react-native/react-native-fundamental/src/shared/components/MainContainer.js": {"path":"/home/dzikrurrohmani/Documents/ITDP/FRONT-END/react-native/react-native-fundamental/src/shared/components/MainContainer.js","statementMap":{"0":{"start":{"line":5,"column":22},"end":{"line":15,"column":1}},"1":{"start":{"line":6,"column":2},"end":{"line":14,"column":4}},"2":{"start":{"line":17,"column":15},"end":{"line":24,"column":2}}},"fnMap":{"0":{"name":"(anonymous_0)","decl":{"start":{"line":5,"column":22},"end":{"line":5,"column":23}},"loc":{"start":{"line":5,"column":48},"end":{"line":15,"column":1}},"line":5}},"branchMap":{"0":{"loc":{"start":{"line":5,"column":24},"end":{"line":5,"column":31}},"type":"default-arg","locations":[{"start":{"line":5,"column":29},"end":{"line":5,"column":31}}],"line":5}},"s":{"0":5,"1":16,"2":5},"f":{"0":16},"b":{"0":[11]},"_coverageSchema":"1a1c01bbd47fc00a2c39e90264f33305004495a9","hash":"7f2ebc556af4416e0bf4c1e575101e029d0ba2e3"}
,"/home/dzikrurrohmani/Documents/ITDP/FRONT-END/react-native/react-native-fundamental/src/shared/components/ModalDialog.js": {"path":"/home/dzikrurrohmani/Documents/ITDP/FRONT-END/react-native/react-native-fundamental/src/shared/components/ModalDialog.js","statementMap":{"0":{"start":{"line":4,"column":20},"end":{"line":21,"column":1}},"1":{"start":{"line":5,"column":4},"end":{"line":20,"column":5}},"2":{"start":{"line":23,"column":15},"end":{"line":37,"column":2}}},"fnMap":{"0":{"name":"(anonymous_0)","decl":{"start":{"line":4,"column":20},"end":{"line":4,"column":21}},"loc":{"start":{"line":4,"column":44},"end":{"line":21,"column":1}},"line":4}},"branchMap":{},"s":{"0":1,"1":0,"2":1},"f":{"0":0},"b":{},"_coverageSchema":"1a1c01bbd47fc00a2c39e90264f33305004495a9","hash":"0fa4a9352dc169c05084af2fdc660afbdb6b4ef8"}
,"/home/dzikrurrohmani/Documents/ITDP/FRONT-END/react-native/react-native-fundamental/src/shared/components/SnackBar.js": {"path":"/home/dzikrurrohmani/Documents/ITDP/FRONT-END/react-native/react-native-fundamental/src/shared/components/SnackBar.js","statementMap":{"0":{"start":{"line":4,"column":17},"end":{"line":12,"column":1}},"1":{"start":{"line":5,"column":18},"end":{"line":5,"column":28}},"2":{"start":{"line":6,"column":19},"end":{"line":6,"column":33}},"3":{"start":{"line":7,"column":4},"end":{"line":11,"column":5}},"4":{"start":{"line":14,"column":16},"end":{"line":25,"column":2}},"5":{"start":{"line":14,"column":27},"end":{"line":25,"column":2}}},"fnMap":{"0":{"name":"(anonymous_0)","decl":{"start":{"line":4,"column":17},"end":{"line":4,"column":18}},"loc":{"start":{"line":4,"column":32},"end":{"line":12,"column":1}},"line":4},"1":{"name":"(anonymous_1)","decl":{"start":{"line":14,"column":16},"end":{"line":14,"column":17}},"loc":{"start":{"line":14,"column":27},"end":{"line":25,"column":2}},"line":14}},"branchMap":{},"s":{"0":3,"1":2,"2":2,"3":2,"4":3,"5":2},"f":{"0":2,"1":2},"b":{},"_coverageSchema":"1a1c01bbd47fc00a2c39e90264f33305004495a9","hash":"0c24ba479e6fe3efa5cb299b1783460fa9ddbdf4"}
,"/home/dzikrurrohmani/Documents/ITDP/FRONT-END/react-native/react-native-fundamental/src/shared/components/Spinner.js": {"path":"/home/dzikrurrohmani/Documents/ITDP/FRONT-END/react-native/react-native-fundamental/src/shared/components/Spinner.js","statementMap":{"0":{"start":{"line":5,"column":16},"end":{"line":18,"column":1}},"1":{"start":{"line":6,"column":18},"end":{"line":6,"column":28}},"2":{"start":{"line":7,"column":19},"end":{"line":7,"column":33}},"3":{"start":{"line":8,"column":4},"end":{"line":17,"column":5}},"4":{"start":{"line":20,"column":16},"end":{"line":43,"column":2}},"5":{"start":{"line":20,"column":27},"end":{"line":43,"column":2}}},"fnMap":{"0":{"name":"(anonymous_0)","decl":{"start":{"line":5,"column":16},"end":{"line":5,"column":17}},"loc":{"start":{"line":5,"column":44},"end":{"line":18,"column":1}},"line":5},"1":{"name":"(anonymous_1)","decl":{"start":{"line":20,"column":16},"end":{"line":20,"column":17}},"loc":{"start":{"line":20,"column":27},"end":{"line":43,"column":2}},"line":20}},"branchMap":{"0":{"loc":{"start":{"line":5,"column":18},"end":{"line":5,"column":38}},"type":"default-arg","locations":[{"start":{"line":5,"column":25},"end":{"line":5,"column":38}}],"line":5}},"s":{"0":3,"1":2,"2":2,"3":2,"4":3,"5":2},"f":{"0":2,"1":2},"b":{"0":[0]},"_coverageSchema":"1a1c01bbd47fc00a2c39e90264f33305004495a9","hash":"6c7c3139fd736ff6baa243f044a205ca8b40df74"}
,"/home/dzikrurrohmani/Documents/ITDP/FRONT-END/react-native/react-native-fundamental/src/shared/components/TitleLabel.js": {"path":"/home/dzikrurrohmani/Documents/ITDP/FRONT-END/react-native/react-native-fundamental/src/shared/components/TitleLabel.js","statementMap":{"0":{"start":{"line":5,"column":19},"end":{"line":12,"column":1}},"1":{"start":{"line":6,"column":18},"end":{"line":6,"column":28}},"2":{"start":{"line":7,"column":4},"end":{"line":11,"column":5}}},"fnMap":{"0":{"name":"(anonymous_0)","decl":{"start":{"line":5,"column":19},"end":{"line":5,"column":20}},"loc":{"start":{"line":5,"column":49},"end":{"line":12,"column":1}},"line":5}},"branchMap":{"0":{"loc":{"start":{"line":5,"column":27},"end":{"line":5,"column":43}},"type":"default-arg","locations":[{"start":{"line":5,"column":38},"end":{"line":5,"column":43}}],"line":5},"1":{"loc":{"start":{"line":9,"column":13},"end":{"line":9,"column":118}},"type":"cond-expr","locations":[{"start":{"line":9,"column":24},"end":{"line":9,"column":71}},{"start":{"line":9,"column":74},"end":{"line":9,"column":118}}],"line":9}},"s":{"0":2,"1":6,"2":6},"f":{"0":6},"b":{"0":[3],"1":[3,3]},"_coverageSchema":"1a1c01bbd47fc00a2c39e90264f33305004495a9","hash":"e13bcf2c6bff860d3a2f073701b1c7923753146f"}
,"/home/dzikrurrohmani/Documents/ITDP/FRONT-END/react-native/react-native-fundamental/src/shared/context/DependencyContext.js": {"path":"/home/dzikrurrohmani/Documents/ITDP/FRONT-END/react-native/react-native-fundamental/src/shared/context/DependencyContext.js","statementMap":{"0":{"start":{"line":3,"column":33},"end":{"line":3,"column":50}},"1":{"start":{"line":5,"column":4},"end":{"line":9,"column":5}}},"fnMap":{"0":{"name":"DependencyProvider","decl":{"start":{"line":4,"column":16},"end":{"line":4,"column":34}},"loc":{"start":{"line":4,"column":57},"end":{"line":10,"column":1}},"line":4}},"branchMap":{},"s":{"0":2,"1":0},"f":{"0":0},"b":{},"_coverageSchema":"1a1c01bbd47fc00a2c39e90264f33305004495a9","hash":"1e155f37c99c4bd7180c2248a957529dfdc2223c"}
,"/home/dzikrurrohmani/Documents/ITDP/FRONT-END/react-native/react-native-fundamental/src/shared/context/ThemeContext.js": {"path":"/home/dzikrurrohmani/Documents/ITDP/FRONT-END/react-native/react-native-fundamental/src/shared/context/ThemeContext.js","statementMap":{"0":{"start":{"line":4,"column":21},"end":{"line":4,"column":38}},"1":{"start":{"line":5,"column":29},"end":{"line":11,"column":1}},"2":{"start":{"line":6,"column":4},"end":{"line":10,"column":5}},"3":{"start":{"line":13,"column":24},"end":{"line":15,"column":1}},"4":{"start":{"line":14,"column":4},"end":{"line":14,"column":35}}},"fnMap":{"0":{"name":"(anonymous_0)","decl":{"start":{"line":5,"column":29},"end":{"line":5,"column":30}},"loc":{"start":{"line":5,"column":45},"end":{"line":11,"column":1}},"line":5},"1":{"name":"(anonymous_1)","decl":{"start":{"line":13,"column":24},"end":{"line":13,"column":25}},"loc":{"start":{"line":13,"column":30},"end":{"line":15,"column":1}},"line":13}},"branchMap":{},"s":{"0":5,"1":5,"2":11,"3":5,"4":115},"f":{"0":11,"1":115},"b":{},"_coverageSchema":"1a1c01bbd47fc00a2c39e90264f33305004495a9","hash":"5362db8b12dc6710b808ec37586930e3441c7a51"}
,"/home/dzikrurrohmani/Documents/ITDP/FRONT-END/react-native/react-native-fundamental/src/shared/hook/UseDependency.js": {"path":"/home/dzikrurrohmani/Documents/ITDP/FRONT-END/react-native/react-native-fundamental/src/shared/hook/UseDependency.js","statementMap":{"0":{"start":{"line":5,"column":4},"end":{"line":5,"column":41}}},"fnMap":{"0":{"name":"useDeps","decl":{"start":{"line":4,"column":16},"end":{"line":4,"column":23}},"loc":{"start":{"line":4,"column":25},"end":{"line":6,"column":1}},"line":4}},"branchMap":{},"s":{"0":7},"f":{"0":7},"b":{},"_coverageSchema":"1a1c01bbd47fc00a2c39e90264f33305004495a9","hash":"16ba261f5d97f10c59bbc9c5dc39f935c5c2de3f"}
,"/home/dzikrurrohmani/Documents/ITDP/FRONT-END/react-native/react-native-fundamental/src/shared/hook/UseViewState.js": {"path":"/home/dzikrurrohmani/Documents/ITDP/FRONT-END/react-native/react-native-fundamental/src/shared/hook/UseViewState.js","statementMap":{"0":{"start":{"line":3,"column":21},"end":{"line":30,"column":1}},"1":{"start":{"line":4,"column":38},"end":{"line":4,"column":91}},"2":{"start":{"line":6,"column":23},"end":{"line":10,"column":5}},"3":{"start":{"line":7,"column":8},"end":{"line":9,"column":10}},"4":{"start":{"line":8,"column":12},"end":{"line":8,"column":116}},"5":{"start":{"line":12,"column":20},"end":{"line":16,"column":5}},"6":{"start":{"line":13,"column":8},"end":{"line":15,"column":10}},"7":{"start":{"line":14,"column":12},"end":{"line":14,"column":87}},"8":{"start":{"line":18,"column":21},"end":{"line":22,"column":5}},"9":{"start":{"line":19,"column":8},"end":{"line":21,"column":10}},"10":{"start":{"line":20,"column":12},"end":{"line":20,"column":88}},"11":{"start":{"line":24,"column":4},"end":{"line":29,"column":5}}},"fnMap":{"0":{"name":"(anonymous_0)","decl":{"start":{"line":3,"column":21},"end":{"line":3,"column":22}},"loc":{"start":{"line":3,"column":27},"end":{"line":30,"column":1}},"line":3},"1":{"name":"(anonymous_1)","decl":{"start":{"line":6,"column":23},"end":{"line":6,"column":24}},"loc":{"start":{"line":6,"column":55},"end":{"line":10,"column":5}},"line":6},"2":{"name":"(anonymous_2)","decl":{"start":{"line":7,"column":21},"end":{"line":7,"column":22}},"loc":{"start":{"line":7,"column":32},"end":{"line":9,"column":9}},"line":7},"3":{"name":"(anonymous_3)","decl":{"start":{"line":12,"column":20},"end":{"line":12,"column":21}},"loc":{"start":{"line":12,"column":42},"end":{"line":16,"column":5}},"line":12},"4":{"name":"(anonymous_4)","decl":{"start":{"line":13,"column":21},"end":{"line":13,"column":22}},"loc":{"start":{"line":13,"column":32},"end":{"line":15,"column":9}},"line":13},"5":{"name":"(anonymous_5)","decl":{"start":{"line":18,"column":21},"end":{"line":18,"column":22}},"loc":{"start":{"line":18,"column":44},"end":{"line":22,"column":5}},"line":18},"6":{"name":"(anonymous_6)","decl":{"start":{"line":19,"column":21},"end":{"line":19,"column":22}},"loc":{"start":{"line":19,"column":32},"end":{"line":21,"column":9}},"line":19}},"branchMap":{"0":{"loc":{"start":{"line":6,"column":24},"end":{"line":6,"column":38}},"type":"default-arg","locations":[{"start":{"line":6,"column":34},"end":{"line":6,"column":38}}],"line":6},"1":{"loc":{"start":{"line":6,"column":40},"end":{"line":6,"column":50}},"type":"default-arg","locations":[{"start":{"line":6,"column":46},"end":{"line":6,"column":50}}],"line":6},"2":{"loc":{"start":{"line":8,"column":48},"end":{"line":8,"column":77}},"type":"cond-expr","locations":[{"start":{"line":8,"column":56},"end":{"line":8,"column":60}},{"start":{"line":8,"column":63},"end":{"line":8,"column":77}}],"line":8},"3":{"loc":{"start":{"line":8,"column":86},"end":{"line":8,"column":115}},"type":"cond-expr","locations":[{"start":{"line":8,"column":94},"end":{"line":8,"column":98}},{"start":{"line":8,"column":100},"end":{"line":8,"column":115}}],"line":8},"4":{"loc":{"start":{"line":12,"column":27},"end":{"line":12,"column":37}},"type":"default-arg","locations":[{"start":{"line":12,"column":33},"end":{"line":12,"column":37}}],"line":12},"5":{"loc":{"start":{"line":14,"column":57},"end":{"line":14,"column":86}},"type":"cond-expr","locations":[{"start":{"line":14,"column":65},"end":{"line":14,"column":69}},{"start":{"line":14,"column":71},"end":{"line":14,"column":86}}],"line":14},"6":{"loc":{"start":{"line":18,"column":29},"end":{"line":18,"column":39}},"type":"default-arg","locations":[{"start":{"line":18,"column":35},"end":{"line":18,"column":39}}],"line":18},"7":{"loc":{"start":{"line":20,"column":44},"end":{"line":20,"column":73}},"type":"cond-expr","locations":[{"start":{"line":20,"column":52},"end":{"line":20,"column":56}},{"start":{"line":20,"column":59},"end":{"line":20,"column":73}}],"line":20}},"s":{"0":2,"1":7,"2":7,"3":2,"4":2,"5":7,"6":0,"7":0,"8":7,"9":1,"10":1,"11":7},"f":{"0":7,"1":2,"2":2,"3":0,"4":0,"5":1,"6":1},"b":{"0":[2],"1":[2],"2":[2,0],"3":[2,0],"4":[0],"5":[0,0],"6":[1],"7":[1,0]},"_coverageSchema":"1a1c01bbd47fc00a2c39e90264f33305004495a9","hash":"457fd940f93b4385f1930d9f481375358f5c40a5"}
,"/home/dzikrurrohmani/Documents/ITDP/FRONT-END/react-native/react-native-fundamental/src/shared/hook/constant.js": {"path":"/home/dzikrurrohmani/Documents/ITDP/FRONT-END/react-native/react-native-fundamental/src/shared/hook/constant.js","statementMap":{"0":{"start":{"line":1,"column":21},"end":{"line":8,"column":1}},"1":{"start":{"line":10,"column":23},"end":{"line":14,"column":1}},"2":{"start":{"line":16,"column":19},"end":{"line":18,"column":1}}},"fnMap":{},"branchMap":{},"s":{"0":3,"1":3,"2":3},"f":{},"b":{},"_coverageSchema":"1a1c01bbd47fc00a2c39e90264f33305004495a9","hash":"f27552b1076bdb266b0221a0e3a657be7f73f782"}
,"/home/dzikrurrohmani/Documents/ITDP/FRONT-END/react-native/react-native-fundamental/src/testHelper/CustomRender.js": {"path":"/home/dzikrurrohmani/Documents/ITDP/FRONT-END/react-native/react-native-fundamental/src/testHelper/CustomRender.js","statementMap":{"0":{"start":{"line":5,"column":27},"end":{"line":14,"column":1}},"1":{"start":{"line":6,"column":18},"end":{"line":12,"column":3}},"2":{"start":{"line":7,"column":4},"end":{"line":11,"column":6}},"3":{"start":{"line":13,"column":2},"end":{"line":13,"column":67}}},"fnMap":{"0":{"name":"(anonymous_0)","decl":{"start":{"line":5,"column":27},"end":{"line":5,"column":28}},"loc":{"start":{"line":5,"column":69},"end":{"line":14,"column":1}},"line":5},"1":{"name":"(anonymous_1)","decl":{"start":{"line":6,"column":18},"end":{"line":6,"column":19}},"loc":{"start":{"line":6,"column":36},"end":{"line":12,"column":3}},"line":6}},"branchMap":{"0":{"loc":{"start":{"line":5,"column":39},"end":{"line":5,"column":64}},"type":"default-arg","locations":[{"start":{"line":5,"column":62},"end":{"line":5,"column":64}}],"line":5}},"s":{"0":5,"1":11,"2":11,"3":11},"f":{"0":11,"1":11},"b":{"0":[11]},"_coverageSchema":"1a1c01bbd47fc00a2c39e90264f33305004495a9","hash":"99fa8b23c7df407e99cb65f9bf7d626d42a56529"}
}
