TN:
SF:assets/img/bg-2.jpeg
FNF:0
FNH:0
DA:1,5
LF:1
LH:1
BRF:0
BRH:0
end_of_record
TN:
SF:src/features/Home/HomePage.js
FN:3,(anonymous_0)
FNF:1
FNH:1
FNDA:2,(anonymous_0)
DA:3,1
DA:4,2
LF:2
LH:2
BRF:0
BRH:0
end_of_record
TN:
SF:src/features/Home/Menu1.js
FN:7,(anonymous_0)
FN:11,(anonymous_1)
FN:18,(anonymous_2)
FNF:3
FNH:0
FNDA:0,(anonymous_0)
FNDA:0,(anonymous_1)
FNDA:0,(anonymous_2)
DA:7,1
DA:8,0
DA:9,0
DA:11,0
DA:12,0
DA:13,0
DA:16,0
DA:19,0
LF:8
LH:1
BRDA:12,0,0,0
BRDA:12,0,1,0
BRF:2
BRH:0
end_of_record
TN:
SF:src/features/Home/Main/MainPage.js
FN:18,(anonymous_0)
FN:26,(anonymous_1)
FN:32,(anonymous_2)
FN:41,(anonymous_3)
FN:48,(anonymous_4)
FN:54,(anonymous_5)
FN:60,(anonymous_6)
FN:80,(anonymous_7)
FN:91,(anonymous_8)
FNF:9
FNH:5
FNDA:2,(anonymous_0)
FNDA:2,(anonymous_1)
FNDA:1,(anonymous_2)
FNDA:0,(anonymous_3)
FNDA:0,(anonymous_4)
FNDA:0,(anonymous_5)
FNDA:0,(anonymous_6)
FNDA:1,(anonymous_7)
FNDA:2,(anonymous_8)
DA:18,1
DA:19,2
DA:20,2
DA:21,2
DA:22,2
DA:23,2
DA:25,2
DA:26,2
DA:27,2
DA:28,0
DA:32,2
DA:33,1
DA:34,1
DA:37,2
DA:41,0
DA:48,0
DA:54,0
DA:60,0
DA:81,1
DA:91,2
LF:20
LH:15
BRDA:27,0,0,0
BRDA:27,0,1,2
BRDA:41,1,0,2
BRDA:41,1,1,0
BRF:4
BRH:2
end_of_record
TN:
SF:src/features/Home/Main/components/MenuItem.js
FN:5,(anonymous_0)
FN:8,(anonymous_1)
FN:30,(anonymous_2)
FNF:3
FNH:3
FNDA:24,(anonymous_0)
FNDA:24,(anonymous_1)
FNDA:24,(anonymous_2)
DA:5,1
DA:6,24
DA:7,24
DA:8,24
DA:9,24
DA:10,22
DA:19,2
DA:24,24
DA:30,24
LF:9
LH:9
BRDA:9,0,0,22
BRDA:9,0,1,2
BRF:2
BRH:2
end_of_record
TN:
SF:src/features/Home/Main/components/MenuView.js
FN:5,(anonymous_0)
FN:20,(anonymous_1)
FN:23,(anonymous_2)
FN:41,(anonymous_3)
FNF:4
FNH:4
FNDA:2,(anonymous_0)
FNDA:24,(anonymous_1)
FNDA:2,(anonymous_2)
FNDA:24,(anonymous_3)
DA:5,1
DA:6,2
DA:20,2
DA:21,24
DA:23,2
DA:24,2
DA:25,2
DA:26,22
DA:27,22
DA:28,22
DA:29,22
DA:32,22
DA:33,2
DA:36,22
DA:41,24
DA:45,22
DA:47,2
DA:49,2
LF:18
LH:18
BRDA:32,0,0,2
BRDA:32,0,1,20
BRF:2
BRH:2
end_of_record
TN:
SF:src/features/Home/Main/components/PromoItem.js
FN:5,(anonymous_0)
FN:20,(anonymous_1)
FNF:2
FNH:2
FNDA:20,(anonymous_0)
FNDA:20,(anonymous_1)
DA:5,1
DA:6,20
DA:7,20
DA:8,20
DA:20,20
LF:5
LH:5
BRF:0
BRH:0
end_of_record
TN:
SF:src/features/Home/Main/components/PromoView.js
FN:4,(anonymous_0)
FN:17,(anonymous_1)
FNF:2
FNH:2
FNDA:2,(anonymous_0)
FNDA:2,(anonymous_1)
DA:4,1
DA:5,2
DA:17,2
DA:18,2
DA:19,2
DA:20,10
DA:21,10
DA:22,10
DA:23,0
DA:25,10
DA:29,10
DA:31,2
DA:33,2
LF:13
LH:12
BRDA:22,0,0,0
BRDA:22,0,1,10
BRDA:27,1,0,10
BRDA:27,1,1,10
BRF:4
BRH:3
end_of_record
TN:
SF:src/features/Login/LoginPage.js
FN:19,(anonymous_0)
FNF:1
FNH:1
FNDA:10,(anonymous_0)
DA:19,3
DA:27,10
DA:29,10
DA:61,3
LF:4
LH:4
BRDA:31,0,0,10
BRDA:31,0,1,2
BRDA:55,1,0,10
BRDA:55,1,1,2
BRF:4
BRH:4
end_of_record
TN:
SF:src/features/Login/UseLoginPage.js
FN:19,(anonymous_0)
FN:27,(anonymous_1)
FNF:2
FNH:2
FNDA:7,(anonymous_0)
FNDA:2,(anonymous_1)
DA:19,2
DA:20,7
DA:21,7
DA:22,7
DA:23,7
DA:24,7
DA:25,7
DA:27,7
DA:28,2
DA:29,2
DA:30,2
DA:31,2
DA:32,1
DA:34,1
DA:38,1
DA:39,1
DA:40,1
DA:42,0
DA:46,1
DA:50,7
LF:20
LH:19
BRDA:31,0,0,1
BRDA:31,0,1,1
BRDA:31,1,0,2
BRDA:31,1,1,1
BRDA:39,2,0,1
BRDA:39,2,1,0
BRF:6
BRH:5
end_of_record
TN:
SF:src/features/Pin/PinPage.js
FN:12,(anonymous_0)
FN:34,(anonymous_1)
FN:35,(anonymous_2)
FN:48,(anonymous_3)
FN:49,(anonymous_4)
FN:55,(anonymous_5)
FN:63,(anonymous_6)
FN:66,(anonymous_7)
FN:70,(anonymous_8)
FN:70,(anonymous_9)
FN:70,(anonymous_10)
FN:83,(anonymous_11)
FN:117,(anonymous_12)
FNF:13
FNH:0
FNDA:0,(anonymous_0)
FNDA:0,(anonymous_1)
FNDA:0,(anonymous_2)
FNDA:0,(anonymous_3)
FNDA:0,(anonymous_4)
FNDA:0,(anonymous_5)
FNDA:0,(anonymous_6)
FNDA:0,(anonymous_7)
FNDA:0,(anonymous_8)
FNDA:0,(anonymous_9)
FNDA:0,(anonymous_10)
FNDA:0,(anonymous_11)
FNDA:0,(anonymous_12)
DA:12,1
DA:13,0
DA:14,0
DA:15,0
DA:16,0
DA:17,0
DA:18,0
DA:19,0
DA:21,0
DA:34,0
DA:35,0
DA:36,0
DA:37,0
DA:38,0
DA:41,0
DA:48,0
DA:49,0
DA:50,0
DA:55,0
DA:56,0
DA:57,0
DA:63,0
DA:64,0
DA:66,0
DA:67,0
DA:68,0
DA:70,0
DA:71,0
DA:72,0
DA:74,0
DA:75,0
DA:76,0
DA:77,0
DA:79,0
DA:83,0
DA:87,0
DA:89,0
DA:93,0
DA:118,0
DA:119,0
DA:128,1
LF:41
LH:2
BRDA:50,0,0,0
BRDA:50,0,1,0
BRDA:50,1,0,0
BRDA:50,1,1,0
BRDA:56,2,0,0
BRDA:56,2,1,0
BRF:6
BRH:0
end_of_record
TN:
SF:src/features/Pin/components/NumItem.js
FN:5,(anonymous_0)
FN:8,(anonymous_1)
FN:29,(anonymous_2)
FN:61,(anonymous_3)
FN:64,(anonymous_4)
FN:66,(anonymous_5)
FN:72,(anonymous_6)
FN:75,(anonymous_7)
FNF:8
FNH:0
FNDA:0,(anonymous_0)
FNDA:0,(anonymous_1)
FNDA:0,(anonymous_2)
FNDA:0,(anonymous_3)
FNDA:0,(anonymous_4)
FNDA:0,(anonymous_5)
FNDA:0,(anonymous_6)
FNDA:0,(anonymous_7)
DA:5,1
DA:6,0
DA:7,0
DA:8,0
DA:9,0
DA:10,0
DA:18,0
DA:23,0
DA:29,1
DA:61,1
DA:62,0
DA:63,0
DA:64,0
DA:65,0
DA:66,0
DA:67,0
DA:68,0
DA:69,0
DA:72,0
DA:75,0
DA:76,0
DA:77,0
DA:85,0
DA:88,0
LF:24
LH:3
BRDA:9,0,0,0
BRDA:9,0,1,0
BRDA:65,1,0,0
BRDA:65,1,1,0
BRDA:67,2,0,0
BRDA:67,2,1,0
BRDA:76,3,0,0
BRDA:76,3,1,0
BRF:8
BRH:0
end_of_record
TN:
SF:src/features/Pin/components/PinInputIndicator.js
FN:5,(anonymous_0)
FN:6,(anonymous_1)
FNF:2
FNH:0
FNDA:0,(anonymous_0)
FNDA:0,(anonymous_1)
DA:5,1
DA:6,0
DA:7,0
DA:8,0
DA:9,0
DA:18,0
DA:20,0
LF:7
LH:1
BRDA:11,0,0,0
BRDA:11,0,1,0
BRF:2
BRH:0
end_of_record
TN:
SF:src/features/Welcome/WelcomePage.js
FN:17,(anonymous_0)
FN:38,(anonymous_1)
FNF:2
FNH:1
FNDA:3,(anonymous_0)
FNDA:0,(anonymous_1)
DA:17,2
DA:18,3
DA:19,3
DA:39,0
DA:47,2
LF:5
LH:4
BRF:0
BRH:0
end_of_record
TN:
SF:src/features/product/ProductList.js
FN:9,(anonymous_0)
FN:16,(anonymous_1)
FN:21,(anonymous_2)
FN:23,(anonymous_3)
FN:28,(anonymous_4)
FN:32,(anonymous_5)
FN:49,(anonymous_6)
FNF:7
FNH:4
FNDA:1,(anonymous_0)
FNDA:2,(anonymous_1)
FNDA:0,(anonymous_2)
FNDA:0,(anonymous_3)
FNDA:4,(anonymous_4)
FNDA:0,(anonymous_5)
FNDA:2,(anonymous_6)
DA:9,2
DA:10,1
DA:11,1
DA:14,1
DA:16,1
DA:17,2
DA:21,0
DA:23,0
DA:28,1
DA:29,4
DA:32,1
DA:33,0
DA:34,0
DA:36,0
DA:38,1
DA:49,2
LF:16
LH:11
BRDA:33,0,0,0
BRDA:33,0,1,0
BRDA:33,1,0,0
BRDA:33,1,1,0
BRF:4
BRH:0
end_of_record
TN:
SF:src/features/product/UseProductList.js
FN:5,(anonymous_0)
FN:11,(anonymous_1)
FN:15,(anonymous_2)
FN:31,(anonymous_3)
FN:33,(anonymous_4)
FN:39,(anonymous_5)
FN:41,(anonymous_6)
FN:47,(anonymous_7)
FNF:8
FNH:0
FNDA:0,(anonymous_0)
FNDA:0,(anonymous_1)
FNDA:0,(anonymous_2)
FNDA:0,(anonymous_3)
FNDA:0,(anonymous_4)
FNDA:0,(anonymous_5)
FNDA:0,(anonymous_6)
FNDA:0,(anonymous_7)
DA:5,1
DA:6,0
DA:7,0
DA:8,0
DA:9,0
DA:11,0
DA:12,0
DA:15,0
DA:16,0
DA:17,0
DA:18,0
DA:19,0
DA:20,0
DA:22,0
DA:23,0
DA:25,0
DA:27,0
DA:28,0
DA:31,0
DA:32,0
DA:33,0
DA:35,0
DA:39,0
DA:40,0
DA:41,0
DA:43,0
DA:47,0
DA:48,0
DA:49,0
DA:52,0
LF:30
LH:1
BRDA:19,0,0,0
BRDA:19,0,1,0
BRDA:32,1,0,0
BRDA:32,1,1,0
BRDA:40,2,0,0
BRDA:40,2,1,0
BRF:6
BRH:0
end_of_record
TN:
SF:src/features/product/components/ProductItem.js
FN:7,(anonymous_0)
FN:10,(anonymous_1)
FN:27,(anonymous_2)
FN:35,(anonymous_3)
FNF:4
FNH:4
FNDA:2,(anonymous_0)
FNDA:2,(anonymous_1)
FNDA:4,(anonymous_2)
FNDA:2,(anonymous_3)
DA:7,2
DA:8,2
DA:9,2
DA:10,2
DA:11,2
DA:15,2
DA:23,2
DA:27,4
DA:35,2
LF:9
LH:9
BRF:0
BRH:0
end_of_record
TN:
SF:src/navigation/AppRouter.js
FN:17,(anonymous_0)
FN:20,(anonymous_1)
FN:21,(anonymous_2)
FN:41,(anonymous_3)
FNF:4
FNH:3
FNDA:8,(anonymous_0)
FNDA:4,(anonymous_1)
FNDA:4,(anonymous_2)
FNDA:0,(anonymous_3)
DA:15,1
DA:17,1
DA:18,8
DA:19,8
DA:20,8
DA:21,4
DA:22,4
DA:23,4
DA:24,2
DA:25,1
DA:27,1
DA:30,2
DA:33,4
DA:35,8
DA:36,8
DA:41,0
LF:16
LH:15
BRDA:17,0,0,6
BRDA:24,1,0,1
BRDA:24,1,1,1
BRDA:36,2,0,5
BRDA:36,2,1,3
BRF:5
BRH:5
end_of_record
TN:
SF:src/navigation/HomeRouter.js
FN:9,(anonymous_0)
FN:12,(anonymous_1)
FN:13,(anonymous_2)
FNF:3
FNH:3
FNDA:2,(anonymous_0)
FNDA:4,(anonymous_1)
FNDA:8,(anonymous_2)
DA:8,1
DA:9,1
DA:10,2
DA:11,2
DA:12,4
DA:14,8
DA:16,4
DA:18,4
LF:8
LH:8
BRDA:14,0,0,4
BRDA:14,0,1,4
BRF:2
BRH:2
end_of_record
TN:
SF:src/shared/Theme.js
FNF:0
FNH:0
DA:1,5
DA:8,5
LF:2
LH:2
BRF:0
BRH:0
end_of_record
TN:
SF:src/shared/components/AppBackground.js
FN:5,(anonymous_0)
FNF:1
FNH:1
FNDA:6,(anonymous_0)
DA:5,3
DA:6,6
DA:8,6
DA:15,3
LF:4
LH:4
BRF:0
BRH:0
end_of_record
TN:
SF:src/shared/components/Avatar.js
FN:5,(anonymous_0)
FN:13,(anonymous_1)
FNF:2
FNH:2
FNDA:2,(anonymous_0)
FNDA:2,(anonymous_1)
DA:5,2
DA:6,2
DA:7,2
DA:8,2
DA:13,2
LF:5
LH:5
BRDA:5,0,0,0
BRF:1
BRH:0
end_of_record
TN:
SF:src/shared/components/FormButton.js
FN:4,(anonymous_0)
FN:14,(anonymous_1)
FNF:2
FNH:2
FNDA:15,(anonymous_0)
FNDA:15,(anonymous_1)
DA:4,4
DA:5,15
DA:6,15
DA:7,15
DA:14,15
LF:5
LH:5
BRF:0
BRH:0
end_of_record
TN:
SF:src/shared/components/FormInput.js
FN:4,(anonymous_0)
FN:17,(anonymous_1)
FNF:2
FNH:2
FNDA:10,(anonymous_0)
FNDA:10,(anonymous_1)
DA:4,3
DA:5,10
DA:6,10
DA:7,10
DA:17,10
LF:5
LH:5
BRDA:4,0,0,0
BRDA:4,1,0,10
BRF:2
BRH:1
end_of_record
TN:
SF:src/shared/components/FormPassword.js
FN:6,(anonymous_0)
FN:19,(anonymous_1)
FN:26,(anonymous_2)
FNF:3
FNH:2
FNDA:10,(anonymous_0)
FNDA:0,(anonymous_1)
FNDA:10,(anonymous_2)
DA:6,3
DA:7,10
DA:8,10
DA:9,10
DA:11,10
DA:19,0
DA:26,10
LF:7
LH:6
BRDA:6,0,0,0
BRDA:20,1,0,10
BRDA:20,1,1,0
BRF:3
BRH:1
end_of_record
TN:
SF:src/shared/components/HeaderPageLabel.js
FN:5,(anonymous_0)
FN:16,(anonymous_1)
FNF:2
FNH:2
FNDA:11,(anonymous_0)
FNDA:11,(anonymous_1)
DA:5,2
DA:6,11
DA:7,11
DA:8,11
DA:16,11
LF:5
LH:5
BRDA:5,0,0,0
BRDA:5,1,0,9
BRDA:11,2,0,11
BRDA:11,2,1,2
BRF:4
BRH:3
end_of_record
TN:
SF:src/shared/components/MainContainer.js
FN:5,(anonymous_0)
FNF:1
FNH:1
FNDA:16,(anonymous_0)
DA:5,5
DA:6,16
DA:17,5
LF:3
LH:3
BRDA:5,0,0,11
BRF:1
BRH:1
end_of_record
TN:
SF:src/shared/components/ModalDialog.js
FN:4,(anonymous_0)
FNF:1
FNH:0
FNDA:0,(anonymous_0)
DA:4,1
DA:5,0
DA:23,1
LF:3
LH:2
BRF:0
BRH:0
end_of_record
TN:
SF:src/shared/components/SnackBar.js
FN:4,(anonymous_0)
FN:14,(anonymous_1)
FNF:2
FNH:2
FNDA:2,(anonymous_0)
FNDA:2,(anonymous_1)
DA:4,3
DA:5,2
DA:6,2
DA:7,2
DA:14,3
LF:5
LH:5
BRF:0
BRH:0
end_of_record
TN:
SF:src/shared/components/Spinner.js
FN:5,(anonymous_0)
FN:20,(anonymous_1)
FNF:2
FNH:2
FNDA:2,(anonymous_0)
FNDA:2,(anonymous_1)
DA:5,3
DA:6,2
DA:7,2
DA:8,2
DA:20,3
LF:5
LH:5
BRDA:5,0,0,0
BRF:1
BRH:0
end_of_record
TN:
SF:src/shared/components/TitleLabel.js
FN:5,(anonymous_0)
FNF:1
FNH:1
FNDA:6,(anonymous_0)
DA:5,2
DA:6,6
DA:7,6
LF:3
LH:3
BRDA:5,0,0,3
BRDA:9,1,0,3
BRDA:9,1,1,3
BRF:3
BRH:3
end_of_record
TN:
SF:src/shared/context/DependencyContext.js
FN:4,DependencyProvider
FNF:1
FNH:0
FNDA:0,DependencyProvider
DA:3,2
DA:5,0
LF:2
LH:1
BRF:0
BRH:0
end_of_record
TN:
SF:src/shared/context/ThemeContext.js
FN:5,(anonymous_0)
FN:13,(anonymous_1)
FNF:2
FNH:2
FNDA:11,(anonymous_0)
FNDA:115,(anonymous_1)
DA:4,5
DA:5,5
DA:6,11
DA:13,5
DA:14,115
LF:5
LH:5
BRF:0
BRH:0
end_of_record
TN:
SF:src/shared/hook/UseDependency.js
FN:4,useDeps
FNF:1
FNH:1
FNDA:7,useDeps
DA:5,7
LF:1
LH:1
BRF:0
BRH:0
end_of_record
TN:
SF:src/shared/hook/UseViewState.js
FN:3,(anonymous_0)
FN:6,(anonymous_1)
FN:7,(anonymous_2)
FN:12,(anonymous_3)
FN:13,(anonymous_4)
FN:18,(anonymous_5)
FN:19,(anonymous_6)
FNF:7
FNH:5
FNDA:7,(anonymous_0)
FNDA:2,(anonymous_1)
FNDA:2,(anonymous_2)
FNDA:0,(anonymous_3)
FNDA:0,(anonymous_4)
FNDA:1,(anonymous_5)
FNDA:1,(anonymous_6)
DA:3,2
DA:4,7
DA:6,7
DA:7,2
DA:8,2
DA:12,7
DA:13,0
DA:14,0
DA:18,7
DA:19,1
DA:20,1
DA:24,7
LF:12
LH:10
BRDA:6,0,0,2
BRDA:6,1,0,2
BRDA:8,2,0,2
BRDA:8,2,1,0
BRDA:8,3,0,2
BRDA:8,3,1,0
BRDA:12,4,0,0
BRDA:14,5,0,0
BRDA:14,5,1,0
BRDA:18,6,0,1
BRDA:20,7,0,1
BRDA:20,7,1,0
BRF:12
BRH:6
end_of_record
TN:
SF:src/shared/hook/constant.js
FNF:0
FNH:0
DA:1,3
DA:10,3
DA:16,3
LF:3
LH:3
BRF:0
BRH:0
end_of_record
TN:
SF:src/testHelper/CustomRender.js
FN:5,(anonymous_0)
FN:6,(anonymous_1)
FNF:2
FNH:2
FNDA:11,(anonymous_0)
FNDA:11,(anonymous_1)
DA:5,5
DA:6,11
DA:7,11
DA:13,11
LF:4
LH:4
BRDA:5,0,0,11
BRF:1
BRH:1
end_of_record
